============================= test session starts =============================
platform win32 -- Python 3.12.7, pytest-8.4.1, pluggy-1.6.0 -- C:\Users\pepec\Projects\Packfy\paqueteria-cuba-mvp\backend\.venv\Scripts\python.exe
cachedir: .pytest_cache
django: version: 4.2.23, settings: config.settings_test (from env)
rootdir: C:\Users\pepec\Projects\Packfy\paqueteria-cuba-mvp\backend
configfile: pytest.ini
plugins: cov-6.2.1, django-4.11.1
collecting ... collected 12 items

tests/test_cache_rastrear.py::test_rastrear_cache FAILED                 [  8%]
tests/test_envios_api.py::TestEnvioAPI::test_create_envio_valid_data FAILED [ 16%]
tests/test_envios_api.py::TestEnvioAPI::test_list_envios_authenticated FAILED [ 25%]
tests/test_envios_api.py::TestEnvioAPI::test_list_envios_unauthenticated FAILED [ 33%]
tests/test_envios_api.py::TestEnvioAPI::test_user_cannot_access_other_company_envios FAILED [ 41%]
tests/test_envios_estadisticas.py::test_estadisticas_endpoint FAILED     [ 50%]
tests/test_logging_request_id.py::test_request_id_and_logging FAILED     [ 58%]
tests/test_metrics_rate_limit.py::test_metrics_endpoint FAILED           [ 66%]
tests/test_metrics_rate_limit.py::test_rate_limit_applies FAILED         [ 75%]
tests/test_pagination_limits.py::test_pagination_max_page_size FAILED    [ 83%]
tests/test_pagination_limits.py::test_pagination_fields_present FAILED   [ 91%]
tests/test_smoke.py::test_smoke PASSED                                   [100%]

================================== FAILURES ===================================
_____________________________ test_rastrear_cache _____________________________
.venv\Lib\site-packages\django\core\handlers\exception.py:55: in inner
    response = get_response(request)
               ^^^^^^^^^^^^^^^^^^^^^
.venv\Lib\site-packages\django\core\handlers\base.py:181: in _get_response
    callback, callback_args, callback_kwargs = self.resolve_request(request)
                                               ^^^^^^^^^^^^^^^^^^^^^^^^^^^^^
.venv\Lib\site-packages\django\core\handlers\base.py:313: in resolve_request
    resolver_match = resolver.resolve(request.path_info)
                     ^^^^^^^^^^^^^^^^^^^^^^^^^^^^^^^^^^^
.venv\Lib\site-packages\django\urls\resolvers.py:663: in resolve
    for pattern in self.url_patterns:
                   ^^^^^^^^^^^^^^^^^
.venv\Lib\site-packages\django\utils\functional.py:57: in __get__
    res = instance.__dict__[self.name] = self.func(instance)
                                         ^^^^^^^^^^^^^^^^^^^
.venv\Lib\site-packages\django\urls\resolvers.py:715: in url_patterns
    patterns = getattr(self.urlconf_module, "urlpatterns", self.urlconf_module)
                       ^^^^^^^^^^^^^^^^^^^
.venv\Lib\site-packages\django\utils\functional.py:57: in __get__
    res = instance.__dict__[self.name] = self.func(instance)
                                         ^^^^^^^^^^^^^^^^^^^
.venv\Lib\site-packages\django\urls\resolvers.py:708: in urlconf_module
    return import_module(self.urlconf_name)
           ^^^^^^^^^^^^^^^^^^^^^^^^^^^^^^^^
..\..\..\..\anaconda3\Lib\importlib\__init__.py:90: in import_module
    return _bootstrap._gcd_import(name[level:], package, level)
           ^^^^^^^^^^^^^^^^^^^^^^^^^^^^^^^^^^^^^^^^^^^^^^^^^^^^
config\urls.py:30: in <module>
    from envios.views import EnvioViewSet, HistorialEstadoViewSet
envios\views.py:11: in <module>
    from .serializers import (
E     File "C:\Users\pepec\Projects\Packfy\paqueteria-cuba-mvp\backend\envios\serializers.py", line 134
E       return data
E       ^^^^^^^^^^^
E   SyntaxError: 'return' outside function

During handling of the above exception, another exception occurred:
.venv\Lib\site-packages\django\core\handlers\exception.py:55: in inner
    response = get_response(request)
               ^^^^^^^^^^^^^^^^^^^^^
.venv\Lib\site-packages\django\utils\deprecation.py:134: in __call__
    response = response or self.get_response(request)
                           ^^^^^^^^^^^^^^^^^^^^^^^^^^
.venv\Lib\site-packages\django\core\handlers\exception.py:57: in inner
    response = response_for_exception(request, exc)
               ^^^^^^^^^^^^^^^^^^^^^^^^^^^^^^^^^^^^
.venv\Lib\site-packages\django\core\handlers\exception.py:141: in response_for_exception
    response = handle_uncaught_exception(
.venv\Lib\site-packages\django\core\handlers\exception.py:185: in handle_uncaught_exception
    callback = resolver.resolve_error_handler(500)
               ^^^^^^^^^^^^^^^^^^^^^^^^^^^^^^^^^^^
.venv\Lib\site-packages\django\urls\resolvers.py:729: in resolve_error_handler
    callback = getattr(self.urlconf_module, "handler%s" % view_type, None)
                       ^^^^^^^^^^^^^^^^^^^
.venv\Lib\site-packages\django\utils\functional.py:57: in __get__
    res = instance.__dict__[self.name] = self.func(instance)
                                         ^^^^^^^^^^^^^^^^^^^
.venv\Lib\site-packages\django\urls\resolvers.py:708: in urlconf_module
    return import_module(self.urlconf_name)
           ^^^^^^^^^^^^^^^^^^^^^^^^^^^^^^^^
..\..\..\..\anaconda3\Lib\importlib\__init__.py:90: in import_module
    return _bootstrap._gcd_import(name[level:], package, level)
           ^^^^^^^^^^^^^^^^^^^^^^^^^^^^^^^^^^^^^^^^^^^^^^^^^^^^
config\urls.py:30: in <module>
    from envios.views import EnvioViewSet, HistorialEstadoViewSet
envios\views.py:11: in <module>
    from .serializers import (
E     File "C:\Users\pepec\Projects\Packfy\paqueteria-cuba-mvp\backend\envios\serializers.py", line 134
E       return data
E       ^^^^^^^^^^^
E   SyntaxError: 'return' outside function

During handling of the above exception, another exception occurred:
.venv\Lib\site-packages\django\core\handlers\exception.py:55: in inner
    response = get_response(request)
               ^^^^^^^^^^^^^^^^^^^^^
.venv\Lib\site-packages\django\utils\deprecation.py:134: in __call__
    response = response or self.get_response(request)
                           ^^^^^^^^^^^^^^^^^^^^^^^^^^
.venv\Lib\site-packages\django\core\handlers\exception.py:57: in inner
    response = response_for_exception(request, exc)
               ^^^^^^^^^^^^^^^^^^^^^^^^^^^^^^^^^^^^
.venv\Lib\site-packages\django\core\handlers\exception.py:141: in response_for_exception
    response = handle_uncaught_exception(
.venv\Lib\site-packages\django\core\handlers\exception.py:185: in handle_uncaught_exception
    callback = resolver.resolve_error_handler(500)
               ^^^^^^^^^^^^^^^^^^^^^^^^^^^^^^^^^^^
.venv\Lib\site-packages\django\urls\resolvers.py:729: in resolve_error_handler
    callback = getattr(self.urlconf_module, "handler%s" % view_type, None)
                       ^^^^^^^^^^^^^^^^^^^
.venv\Lib\site-packages\django\utils\functional.py:57: in __get__
    res = instance.__dict__[self.name] = self.func(instance)
                                         ^^^^^^^^^^^^^^^^^^^
.venv\Lib\site-packages\django\urls\resolvers.py:708: in urlconf_module
    return import_module(self.urlconf_name)
           ^^^^^^^^^^^^^^^^^^^^^^^^^^^^^^^^
..\..\..\..\anaconda3\Lib\importlib\__init__.py:90: in import_module
    return _bootstrap._gcd_import(name[level:], package, level)
           ^^^^^^^^^^^^^^^^^^^^^^^^^^^^^^^^^^^^^^^^^^^^^^^^^^^^
config\urls.py:30: in <module>
    from envios.views import EnvioViewSet, HistorialEstadoViewSet
envios\views.py:11: in <module>
    from .serializers import (
E     File "C:\Users\pepec\Projects\Packfy\paqueteria-cuba-mvp\backend\envios\serializers.py", line 134
E       return data
E       ^^^^^^^^^^^
E   SyntaxError: 'return' outside function

During handling of the above exception, another exception occurred:
.venv\Lib\site-packages\django\core\handlers\exception.py:55: in inner
    response = get_response(request)
               ^^^^^^^^^^^^^^^^^^^^^
.venv\Lib\site-packages\django\utils\deprecation.py:134: in __call__
    response = response or self.get_response(request)
                           ^^^^^^^^^^^^^^^^^^^^^^^^^^
.venv\Lib\site-packages\django\core\handlers\exception.py:57: in inner
    response = response_for_exception(request, exc)
               ^^^^^^^^^^^^^^^^^^^^^^^^^^^^^^^^^^^^
.venv\Lib\site-packages\django\core\handlers\exception.py:141: in response_for_exception
    response = handle_uncaught_exception(
.venv\Lib\site-packages\django\core\handlers\exception.py:185: in handle_uncaught_exception
    callback = resolver.resolve_error_handler(500)
               ^^^^^^^^^^^^^^^^^^^^^^^^^^^^^^^^^^^
.venv\Lib\site-packages\django\urls\resolvers.py:729: in resolve_error_handler
    callback = getattr(self.urlconf_module, "handler%s" % view_type, None)
                       ^^^^^^^^^^^^^^^^^^^
.venv\Lib\site-packages\django\utils\functional.py:57: in __get__
    res = instance.__dict__[self.name] = self.func(instance)
                                         ^^^^^^^^^^^^^^^^^^^
.venv\Lib\site-packages\django\urls\resolvers.py:708: in urlconf_module
    return import_module(self.urlconf_name)
           ^^^^^^^^^^^^^^^^^^^^^^^^^^^^^^^^
..\..\..\..\anaconda3\Lib\importlib\__init__.py:90: in import_module
    return _bootstrap._gcd_import(name[level:], package, level)
           ^^^^^^^^^^^^^^^^^^^^^^^^^^^^^^^^^^^^^^^^^^^^^^^^^^^^
config\urls.py:30: in <module>
    from envios.views import EnvioViewSet, HistorialEstadoViewSet
envios\views.py:11: in <module>
    from .serializers import (
E     File "C:\Users\pepec\Projects\Packfy\paqueteria-cuba-mvp\backend\envios\serializers.py", line 134
E       return data
E       ^^^^^^^^^^^
E   SyntaxError: 'return' outside function

During handling of the above exception, another exception occurred:
.venv\Lib\site-packages\django\core\handlers\exception.py:55: in inner
    response = get_response(request)
               ^^^^^^^^^^^^^^^^^^^^^
.venv\Lib\site-packages\django\utils\deprecation.py:134: in __call__
    response = response or self.get_response(request)
                           ^^^^^^^^^^^^^^^^^^^^^^^^^^
.venv\Lib\site-packages\django\core\handlers\exception.py:57: in inner
    response = response_for_exception(request, exc)
               ^^^^^^^^^^^^^^^^^^^^^^^^^^^^^^^^^^^^
.venv\Lib\site-packages\django\core\handlers\exception.py:141: in response_for_exception
    response = handle_uncaught_exception(
.venv\Lib\site-packages\django\core\handlers\exception.py:185: in handle_uncaught_exception
    callback = resolver.resolve_error_handler(500)
               ^^^^^^^^^^^^^^^^^^^^^^^^^^^^^^^^^^^
.venv\Lib\site-packages\django\urls\resolvers.py:729: in resolve_error_handler
    callback = getattr(self.urlconf_module, "handler%s" % view_type, None)
                       ^^^^^^^^^^^^^^^^^^^
.venv\Lib\site-packages\django\utils\functional.py:57: in __get__
    res = instance.__dict__[self.name] = self.func(instance)
                                         ^^^^^^^^^^^^^^^^^^^
.venv\Lib\site-packages\django\urls\resolvers.py:708: in urlconf_module
    return import_module(self.urlconf_name)
           ^^^^^^^^^^^^^^^^^^^^^^^^^^^^^^^^
..\..\..\..\anaconda3\Lib\importlib\__init__.py:90: in import_module
    return _bootstrap._gcd_import(name[level:], package, level)
           ^^^^^^^^^^^^^^^^^^^^^^^^^^^^^^^^^^^^^^^^^^^^^^^^^^^^
config\urls.py:30: in <module>
    from envios.views import EnvioViewSet, HistorialEstadoViewSet
envios\views.py:11: in <module>
    from .serializers import (
E     File "C:\Users\pepec\Projects\Packfy\paqueteria-cuba-mvp\backend\envios\serializers.py", line 134
E       return data
E       ^^^^^^^^^^^
E   SyntaxError: 'return' outside function

During handling of the above exception, another exception occurred:
.venv\Lib\site-packages\django\core\handlers\exception.py:55: in inner
    response = get_response(request)
               ^^^^^^^^^^^^^^^^^^^^^
.venv\Lib\site-packages\django\utils\deprecation.py:134: in __call__
    response = response or self.get_response(request)
                           ^^^^^^^^^^^^^^^^^^^^^^^^^^
.venv\Lib\site-packages\django\core\handlers\exception.py:57: in inner
    response = response_for_exception(request, exc)
               ^^^^^^^^^^^^^^^^^^^^^^^^^^^^^^^^^^^^
.venv\Lib\site-packages\django\core\handlers\exception.py:141: in response_for_exception
    response = handle_uncaught_exception(
.venv\Lib\site-packages\django\core\handlers\exception.py:185: in handle_uncaught_exception
    callback = resolver.resolve_error_handler(500)
               ^^^^^^^^^^^^^^^^^^^^^^^^^^^^^^^^^^^
.venv\Lib\site-packages\django\urls\resolvers.py:729: in resolve_error_handler
    callback = getattr(self.urlconf_module, "handler%s" % view_type, None)
                       ^^^^^^^^^^^^^^^^^^^
.venv\Lib\site-packages\django\utils\functional.py:57: in __get__
    res = instance.__dict__[self.name] = self.func(instance)
                                         ^^^^^^^^^^^^^^^^^^^
.venv\Lib\site-packages\django\urls\resolvers.py:708: in urlconf_module
    return import_module(self.urlconf_name)
           ^^^^^^^^^^^^^^^^^^^^^^^^^^^^^^^^
..\..\..\..\anaconda3\Lib\importlib\__init__.py:90: in import_module
    return _bootstrap._gcd_import(name[level:], package, level)
           ^^^^^^^^^^^^^^^^^^^^^^^^^^^^^^^^^^^^^^^^^^^^^^^^^^^^
config\urls.py:30: in <module>
    from envios.views import EnvioViewSet, HistorialEstadoViewSet
envios\views.py:11: in <module>
    from .serializers import (
E     File "C:\Users\pepec\Projects\Packfy\paqueteria-cuba-mvp\backend\envios\serializers.py", line 134
E       return data
E       ^^^^^^^^^^^
E   SyntaxError: 'return' outside function

During handling of the above exception, another exception occurred:
.venv\Lib\site-packages\django\core\handlers\exception.py:55: in inner
    response = get_response(request)
               ^^^^^^^^^^^^^^^^^^^^^
.venv\Lib\site-packages\django\utils\deprecation.py:134: in __call__
    response = response or self.get_response(request)
                           ^^^^^^^^^^^^^^^^^^^^^^^^^^
.venv\Lib\site-packages\django\core\handlers\exception.py:57: in inner
    response = response_for_exception(request, exc)
               ^^^^^^^^^^^^^^^^^^^^^^^^^^^^^^^^^^^^
.venv\Lib\site-packages\django\core\handlers\exception.py:141: in response_for_exception
    response = handle_uncaught_exception(
.venv\Lib\site-packages\django\core\handlers\exception.py:185: in handle_uncaught_exception
    callback = resolver.resolve_error_handler(500)
               ^^^^^^^^^^^^^^^^^^^^^^^^^^^^^^^^^^^
.venv\Lib\site-packages\django\urls\resolvers.py:729: in resolve_error_handler
    callback = getattr(self.urlconf_module, "handler%s" % view_type, None)
                       ^^^^^^^^^^^^^^^^^^^
.venv\Lib\site-packages\django\utils\functional.py:57: in __get__
    res = instance.__dict__[self.name] = self.func(instance)
                                         ^^^^^^^^^^^^^^^^^^^
.venv\Lib\site-packages\django\urls\resolvers.py:708: in urlconf_module
    return import_module(self.urlconf_name)
           ^^^^^^^^^^^^^^^^^^^^^^^^^^^^^^^^
..\..\..\..\anaconda3\Lib\importlib\__init__.py:90: in import_module
    return _bootstrap._gcd_import(name[level:], package, level)
           ^^^^^^^^^^^^^^^^^^^^^^^^^^^^^^^^^^^^^^^^^^^^^^^^^^^^
config\urls.py:30: in <module>
    from envios.views import EnvioViewSet, HistorialEstadoViewSet
envios\views.py:11: in <module>
    from .serializers import (
E     File "C:\Users\pepec\Projects\Packfy\paqueteria-cuba-mvp\backend\envios\serializers.py", line 134
E       return data
E       ^^^^^^^^^^^
E   SyntaxError: 'return' outside function

During handling of the above exception, another exception occurred:
.venv\Lib\site-packages\django\core\handlers\exception.py:55: in inner
    response = get_response(request)
               ^^^^^^^^^^^^^^^^^^^^^
.venv\Lib\site-packages\corsheaders\middleware.py:56: in __call__
    result = self.get_response(request)
             ^^^^^^^^^^^^^^^^^^^^^^^^^^
.venv\Lib\site-packages\django\core\handlers\exception.py:57: in inner
    response = response_for_exception(request, exc)
               ^^^^^^^^^^^^^^^^^^^^^^^^^^^^^^^^^^^^
.venv\Lib\site-packages\django\core\handlers\exception.py:141: in response_for_exception
    response = handle_uncaught_exception(
.venv\Lib\site-packages\django\core\handlers\exception.py:185: in handle_uncaught_exception
    callback = resolver.resolve_error_handler(500)
               ^^^^^^^^^^^^^^^^^^^^^^^^^^^^^^^^^^^
.venv\Lib\site-packages\django\urls\resolvers.py:729: in resolve_error_handler
    callback = getattr(self.urlconf_module, "handler%s" % view_type, None)
                       ^^^^^^^^^^^^^^^^^^^
.venv\Lib\site-packages\django\utils\functional.py:57: in __get__
    res = instance.__dict__[self.name] = self.func(instance)
                                         ^^^^^^^^^^^^^^^^^^^
.venv\Lib\site-packages\django\urls\resolvers.py:708: in urlconf_module
    return import_module(self.urlconf_name)
           ^^^^^^^^^^^^^^^^^^^^^^^^^^^^^^^^
..\..\..\..\anaconda3\Lib\importlib\__init__.py:90: in import_module
    return _bootstrap._gcd_import(name[level:], package, level)
           ^^^^^^^^^^^^^^^^^^^^^^^^^^^^^^^^^^^^^^^^^^^^^^^^^^^^
config\urls.py:30: in <module>
    from envios.views import EnvioViewSet, HistorialEstadoViewSet
envios\views.py:11: in <module>
    from .serializers import (
E     File "C:\Users\pepec\Projects\Packfy\paqueteria-cuba-mvp\backend\envios\serializers.py", line 134
E       return data
E       ^^^^^^^^^^^
E   SyntaxError: 'return' outside function

During handling of the above exception, another exception occurred:
.venv\Lib\site-packages\django\core\handlers\exception.py:55: in inner
    response = get_response(request)
               ^^^^^^^^^^^^^^^^^^^^^
.venv\Lib\site-packages\django\utils\deprecation.py:134: in __call__
    response = response or self.get_response(request)
                           ^^^^^^^^^^^^^^^^^^^^^^^^^^
.venv\Lib\site-packages\django\core\handlers\exception.py:57: in inner
    response = response_for_exception(request, exc)
               ^^^^^^^^^^^^^^^^^^^^^^^^^^^^^^^^^^^^
.venv\Lib\site-packages\django\core\handlers\exception.py:141: in response_for_exception
    response = handle_uncaught_exception(
.venv\Lib\site-packages\django\core\handlers\exception.py:185: in handle_uncaught_exception
    callback = resolver.resolve_error_handler(500)
               ^^^^^^^^^^^^^^^^^^^^^^^^^^^^^^^^^^^
.venv\Lib\site-packages\django\urls\resolvers.py:729: in resolve_error_handler
    callback = getattr(self.urlconf_module, "handler%s" % view_type, None)
                       ^^^^^^^^^^^^^^^^^^^
.venv\Lib\site-packages\django\utils\functional.py:57: in __get__
    res = instance.__dict__[self.name] = self.func(instance)
                                         ^^^^^^^^^^^^^^^^^^^
.venv\Lib\site-packages\django\urls\resolvers.py:708: in urlconf_module
    return import_module(self.urlconf_name)
           ^^^^^^^^^^^^^^^^^^^^^^^^^^^^^^^^
..\..\..\..\anaconda3\Lib\importlib\__init__.py:90: in import_module
    return _bootstrap._gcd_import(name[level:], package, level)
           ^^^^^^^^^^^^^^^^^^^^^^^^^^^^^^^^^^^^^^^^^^^^^^^^^^^^
config\urls.py:30: in <module>
    from envios.views import EnvioViewSet, HistorialEstadoViewSet
envios\views.py:11: in <module>
    from .serializers import (
E     File "C:\Users\pepec\Projects\Packfy\paqueteria-cuba-mvp\backend\envios\serializers.py", line 134
E       return data
E       ^^^^^^^^^^^
E   SyntaxError: 'return' outside function

During handling of the above exception, another exception occurred:
.venv\Lib\site-packages\django\core\handlers\exception.py:55: in inner
    response = get_response(request)
               ^^^^^^^^^^^^^^^^^^^^^
.venv\Lib\site-packages\django\utils\deprecation.py:134: in __call__
    response = response or self.get_response(request)
                           ^^^^^^^^^^^^^^^^^^^^^^^^^^
.venv\Lib\site-packages\django\core\handlers\exception.py:57: in inner
    response = response_for_exception(request, exc)
               ^^^^^^^^^^^^^^^^^^^^^^^^^^^^^^^^^^^^
.venv\Lib\site-packages\django\core\handlers\exception.py:141: in response_for_exception
    response = handle_uncaught_exception(
.venv\Lib\site-packages\django\core\handlers\exception.py:185: in handle_uncaught_exception
    callback = resolver.resolve_error_handler(500)
               ^^^^^^^^^^^^^^^^^^^^^^^^^^^^^^^^^^^
.venv\Lib\site-packages\django\urls\resolvers.py:729: in resolve_error_handler
    callback = getattr(self.urlconf_module, "handler%s" % view_type, None)
                       ^^^^^^^^^^^^^^^^^^^
.venv\Lib\site-packages\django\utils\functional.py:57: in __get__
    res = instance.__dict__[self.name] = self.func(instance)
                                         ^^^^^^^^^^^^^^^^^^^
.venv\Lib\site-packages\django\urls\resolvers.py:708: in urlconf_module
    return import_module(self.urlconf_name)
           ^^^^^^^^^^^^^^^^^^^^^^^^^^^^^^^^
..\..\..\..\anaconda3\Lib\importlib\__init__.py:90: in import_module
    return _bootstrap._gcd_import(name[level:], package, level)
           ^^^^^^^^^^^^^^^^^^^^^^^^^^^^^^^^^^^^^^^^^^^^^^^^^^^^
config\urls.py:30: in <module>
    from envios.views import EnvioViewSet, HistorialEstadoViewSet
envios\views.py:11: in <module>
    from .serializers import (
E     File "C:\Users\pepec\Projects\Packfy\paqueteria-cuba-mvp\backend\envios\serializers.py", line 134
E       return data
E       ^^^^^^^^^^^
E   SyntaxError: 'return' outside function

During handling of the above exception, another exception occurred:
.venv\Lib\site-packages\django\core\handlers\exception.py:55: in inner
    response = get_response(request)
               ^^^^^^^^^^^^^^^^^^^^^
.venv\Lib\site-packages\django\utils\deprecation.py:134: in __call__
    response = response or self.get_response(request)
                           ^^^^^^^^^^^^^^^^^^^^^^^^^^
.venv\Lib\site-packages\django\core\handlers\exception.py:57: in inner
    response = response_for_exception(request, exc)
               ^^^^^^^^^^^^^^^^^^^^^^^^^^^^^^^^^^^^
.venv\Lib\site-packages\django\core\handlers\exception.py:141: in response_for_exception
    response = handle_uncaught_exception(
.venv\Lib\site-packages\django\core\handlers\exception.py:185: in handle_uncaught_exception
    callback = resolver.resolve_error_handler(500)
               ^^^^^^^^^^^^^^^^^^^^^^^^^^^^^^^^^^^
.venv\Lib\site-packages\django\urls\resolvers.py:729: in resolve_error_handler
    callback = getattr(self.urlconf_module, "handler%s" % view_type, None)
                       ^^^^^^^^^^^^^^^^^^^
.venv\Lib\site-packages\django\utils\functional.py:57: in __get__
    res = instance.__dict__[self.name] = self.func(instance)
                                         ^^^^^^^^^^^^^^^^^^^
.venv\Lib\site-packages\django\urls\resolvers.py:708: in urlconf_module
    return import_module(self.urlconf_name)
           ^^^^^^^^^^^^^^^^^^^^^^^^^^^^^^^^
..\..\..\..\anaconda3\Lib\importlib\__init__.py:90: in import_module
    return _bootstrap._gcd_import(name[level:], package, level)
           ^^^^^^^^^^^^^^^^^^^^^^^^^^^^^^^^^^^^^^^^^^^^^^^^^^^^
config\urls.py:30: in <module>
    from envios.views import EnvioViewSet, HistorialEstadoViewSet
envios\views.py:11: in <module>
    from .serializers import (
E     File "C:\Users\pepec\Projects\Packfy\paqueteria-cuba-mvp\backend\envios\serializers.py", line 134
E       return data
E       ^^^^^^^^^^^
E   SyntaxError: 'return' outside function

During handling of the above exception, another exception occurred:
.venv\Lib\site-packages\django\core\handlers\exception.py:55: in inner
    response = get_response(request)
               ^^^^^^^^^^^^^^^^^^^^^
.venv\Lib\site-packages\django\utils\deprecation.py:134: in __call__
    response = response or self.get_response(request)
                           ^^^^^^^^^^^^^^^^^^^^^^^^^^
.venv\Lib\site-packages\django\core\handlers\exception.py:57: in inner
    response = response_for_exception(request, exc)
               ^^^^^^^^^^^^^^^^^^^^^^^^^^^^^^^^^^^^
.venv\Lib\site-packages\django\core\handlers\exception.py:141: in response_for_exception
    response = handle_uncaught_exception(
.venv\Lib\site-packages\django\core\handlers\exception.py:185: in handle_uncaught_exception
    callback = resolver.resolve_error_handler(500)
               ^^^^^^^^^^^^^^^^^^^^^^^^^^^^^^^^^^^
.venv\Lib\site-packages\django\urls\resolvers.py:729: in resolve_error_handler
    callback = getattr(self.urlconf_module, "handler%s" % view_type, None)
                       ^^^^^^^^^^^^^^^^^^^
.venv\Lib\site-packages\django\utils\functional.py:57: in __get__
    res = instance.__dict__[self.name] = self.func(instance)
                                         ^^^^^^^^^^^^^^^^^^^
.venv\Lib\site-packages\django\urls\resolvers.py:708: in urlconf_module
    return import_module(self.urlconf_name)
           ^^^^^^^^^^^^^^^^^^^^^^^^^^^^^^^^
..\..\..\..\anaconda3\Lib\importlib\__init__.py:90: in import_module
    return _bootstrap._gcd_import(name[level:], package, level)
           ^^^^^^^^^^^^^^^^^^^^^^^^^^^^^^^^^^^^^^^^^^^^^^^^^^^^
config\urls.py:30: in <module>
    from envios.views import EnvioViewSet, HistorialEstadoViewSet
envios\views.py:11: in <module>
    from .serializers import (
E     File "C:\Users\pepec\Projects\Packfy\paqueteria-cuba-mvp\backend\envios\serializers.py", line 134
E       return data
E       ^^^^^^^^^^^
E   SyntaxError: 'return' outside function

During handling of the above exception, another exception occurred:
.venv\Lib\site-packages\django\core\handlers\exception.py:55: in inner
    response = get_response(request)
               ^^^^^^^^^^^^^^^^^^^^^
.venv\Lib\site-packages\django\utils\deprecation.py:134: in __call__
    response = response or self.get_response(request)
                           ^^^^^^^^^^^^^^^^^^^^^^^^^^
.venv\Lib\site-packages\django\core\handlers\exception.py:57: in inner
    response = response_for_exception(request, exc)
               ^^^^^^^^^^^^^^^^^^^^^^^^^^^^^^^^^^^^
.venv\Lib\site-packages\django\core\handlers\exception.py:141: in response_for_exception
    response = handle_uncaught_exception(
.venv\Lib\site-packages\django\core\handlers\exception.py:185: in handle_uncaught_exception
    callback = resolver.resolve_error_handler(500)
               ^^^^^^^^^^^^^^^^^^^^^^^^^^^^^^^^^^^
.venv\Lib\site-packages\django\urls\resolvers.py:729: in resolve_error_handler
    callback = getattr(self.urlconf_module, "handler%s" % view_type, None)
                       ^^^^^^^^^^^^^^^^^^^
.venv\Lib\site-packages\django\utils\functional.py:57: in __get__
    res = instance.__dict__[self.name] = self.func(instance)
                                         ^^^^^^^^^^^^^^^^^^^
.venv\Lib\site-packages\django\urls\resolvers.py:708: in urlconf_module
    return import_module(self.urlconf_name)
           ^^^^^^^^^^^^^^^^^^^^^^^^^^^^^^^^
..\..\..\..\anaconda3\Lib\importlib\__init__.py:90: in import_module
    return _bootstrap._gcd_import(name[level:], package, level)
           ^^^^^^^^^^^^^^^^^^^^^^^^^^^^^^^^^^^^^^^^^^^^^^^^^^^^
config\urls.py:30: in <module>
    from envios.views import EnvioViewSet, HistorialEstadoViewSet
envios\views.py:11: in <module>
    from .serializers import (
E     File "C:\Users\pepec\Projects\Packfy\paqueteria-cuba-mvp\backend\envios\serializers.py", line 134
E       return data
E       ^^^^^^^^^^^
E   SyntaxError: 'return' outside function

During handling of the above exception, another exception occurred:
tests\test_cache_rastrear.py:21: in test_rastrear_cache
    r1 = client.get(url)
         ^^^^^^^^^^^^^^^
.venv\Lib\site-packages\django\test\client.py:927: in get
    response = super().get(path, data=data, secure=secure, headers=headers, **extra)
               ^^^^^^^^^^^^^^^^^^^^^^^^^^^^^^^^^^^^^^^^^^^^^^^^^^^^^^^^^^^^^^^^^^^^^
.venv\Lib\site-packages\django\test\client.py:457: in get
    return self.generic(
.venv\Lib\site-packages\django\test\client.py:609: in generic
    return self.request(**r)
           ^^^^^^^^^^^^^^^^^
.venv\Lib\site-packages\django\test\client.py:886: in request
    response = self.handler(environ)
               ^^^^^^^^^^^^^^^^^^^^^
.venv\Lib\site-packages\django\test\client.py:176: in __call__
    response = self.get_response(request)
               ^^^^^^^^^^^^^^^^^^^^^^^^^^
.venv\Lib\site-packages\django\core\handlers\base.py:140: in get_response
    response = self._middleware_chain(request)
               ^^^^^^^^^^^^^^^^^^^^^^^^^^^^^^^
.venv\Lib\site-packages\django\core\handlers\exception.py:57: in inner
    response = response_for_exception(request, exc)
               ^^^^^^^^^^^^^^^^^^^^^^^^^^^^^^^^^^^^
.venv\Lib\site-packages\django\core\handlers\exception.py:141: in response_for_exception
    response = handle_uncaught_exception(
.venv\Lib\site-packages\django\core\handlers\exception.py:185: in handle_uncaught_exception
    callback = resolver.resolve_error_handler(500)
               ^^^^^^^^^^^^^^^^^^^^^^^^^^^^^^^^^^^
.venv\Lib\site-packages\django\urls\resolvers.py:729: in resolve_error_handler
    callback = getattr(self.urlconf_module, "handler%s" % view_type, None)
                       ^^^^^^^^^^^^^^^^^^^
.venv\Lib\site-packages\django\utils\functional.py:57: in __get__
    res = instance.__dict__[self.name] = self.func(instance)
                                         ^^^^^^^^^^^^^^^^^^^
.venv\Lib\site-packages\django\urls\resolvers.py:708: in urlconf_module
    return import_module(self.urlconf_name)
           ^^^^^^^^^^^^^^^^^^^^^^^^^^^^^^^^
..\..\..\..\anaconda3\Lib\importlib\__init__.py:90: in import_module
    return _bootstrap._gcd_import(name[level:], package, level)
           ^^^^^^^^^^^^^^^^^^^^^^^^^^^^^^^^^^^^^^^^^^^^^^^^^^^^
<frozen importlib._bootstrap>:1387: in _gcd_import
    ???
<frozen importlib._bootstrap>:1360: in _find_and_load
    ???
<frozen importlib._bootstrap>:1331: in _find_and_load_unlocked
    ???
<frozen importlib._bootstrap>:935: in _load_unlocked
    ???
<frozen importlib._bootstrap_external>:995: in exec_module
    ???
<frozen importlib._bootstrap>:488: in _call_with_frames_removed
    ???
config\urls.py:30: in <module>
    from envios.views import EnvioViewSet, HistorialEstadoViewSet
envios\views.py:11: in <module>
    from .serializers import (
E     File "C:\Users\pepec\Projects\Packfy\paqueteria-cuba-mvp\backend\envios\serializers.py", line 134
E       return data
E       ^^^^^^^^^^^
E   SyntaxError: 'return' outside function
---------------------------- Captured stdout setup ----------------------------
Operations to perform:
  Synchronize unmigrated apps: corsheaders, messages, rest_framework, rest_framework_simplejwt, staticfiles
  Apply all migrations: admin, auth, contenttypes, empresas, envios, sessions, token_blacklist, usuarios
Synchronizing apps without migrations:
  Creating tables...
    Running deferred SQL...
Running migrations:
  Applying contenttypes.0001_initial... OK
  Applying contenttypes.0002_remove_content_type_name... OK
  Applying auth.0001_initial... OK
  Applying auth.0002_alter_permission_name_max_length... OK
  Applying auth.0003_alter_user_email_max_length... OK
  Applying auth.0004_alter_user_username_opts... OK
  Applying auth.0005_alter_user_last_login_null... OK
  Applying auth.0006_require_contenttypes_0002... OK
  Applying auth.0007_alter_validators_add_error_messages... OK
  Applying auth.0008_alter_user_username_max_length... OK
  Applying auth.0009_alter_user_last_name_max_length... OK
  Applying auth.0010_alter_group_name_max_length... OK
  Applying auth.0011_update_proxy_permissions... OK
  Applying auth.0012_alter_user_first_name_max_length... OK
  Applying usuarios.0001_initial... OK
  Applying admin.0001_initial... OK
  Applying admin.0002_logentry_remove_auto_add... OK
  Applying admin.0003_logentry_add_action_flag_choices... OK
  Applying empresas.0001_initial... OK
  Applying empresas.0002_add_codigo_activa... OK
  Applying empresas.0002_empresa_activa_empresa_codigo... OK
  Applying usuarios.0002_alter_usuario_managers... OK
  Applying usuarios.0003_usuario_empresa... OK
  Applying envios.0001_initial... OK
  Applying envios.0002_initial... OK
  Applying envios.0002_envio_indexes_uuidguide... OK
  Applying envios.0003_envio_stats_matview... OK
  Applying envios.0004_envio_stats_matview_index... OK
  Applying envios.0005_envio_peso_optional... OK
  Applying envios.0005_alter_envio_peso... OK
  Applying envios.0006_envio_usuario_empresa... OK
  Applying sessions.0001_initial... OK
  Applying token_blacklist.0001_initial... OK
  Applying token_blacklist.0002_outstandingtoken_jti_hex... OK
  Applying token_blacklist.0003_auto_20171017_2007... OK
  Applying token_blacklist.0004_auto_20171017_2013... OK
  Applying token_blacklist.0005_remove_outstandingtoken_jti... OK
  Applying token_blacklist.0006_auto_20171017_2113... OK
  Applying token_blacklist.0007_auto_20171017_2214... OK
  Applying token_blacklist.0008_migrate_to_bigautofield... OK
  Applying token_blacklist.0010_fix_migrate_to_bigautofield... OK
  Applying token_blacklist.0011_linearizes_history... OK
  Applying token_blacklist.0012_alter_outstandingtoken_user... OK
  Applying token_blacklist.0013_alter_blacklistedtoken_options_and_more... OK
---------------------------- Captured stderr setup ----------------------------
Creating test database for alias 'default' ('file:memorydb_default?mode=memory&cache=shared')...
__________________ TestEnvioAPI.test_create_envio_valid_data __________________
tests\test_envios_api.py:117: in test_create_envio_valid_data
    url = reverse("envio-list")
          ^^^^^^^^^^^^^^^^^^^^^
.venv\Lib\site-packages\django\urls\base.py:88: in reverse
    return resolver._reverse_with_prefix(view, prefix, *args, **kwargs)
           ^^^^^^^^^^^^^^^^^^^^^^^^^^^^^^^^^^^^^^^^^^^^^^^^^^^^^^^^^^^^
.venv\Lib\site-packages\django\urls\resolvers.py:746: in _reverse_with_prefix
    self._populate()
.venv\Lib\site-packages\django\urls\resolvers.py:543: in _populate
    for url_pattern in reversed(self.url_patterns):
                                ^^^^^^^^^^^^^^^^^
.venv\Lib\site-packages\django\utils\functional.py:57: in __get__
    res = instance.__dict__[self.name] = self.func(instance)
                                         ^^^^^^^^^^^^^^^^^^^
.venv\Lib\site-packages\django\urls\resolvers.py:715: in url_patterns
    patterns = getattr(self.urlconf_module, "urlpatterns", self.urlconf_module)
                       ^^^^^^^^^^^^^^^^^^^
.venv\Lib\site-packages\django\utils\functional.py:57: in __get__
    res = instance.__dict__[self.name] = self.func(instance)
                                         ^^^^^^^^^^^^^^^^^^^
.venv\Lib\site-packages\django\urls\resolvers.py:708: in urlconf_module
    return import_module(self.urlconf_name)
           ^^^^^^^^^^^^^^^^^^^^^^^^^^^^^^^^
..\..\..\..\anaconda3\Lib\importlib\__init__.py:90: in import_module
    return _bootstrap._gcd_import(name[level:], package, level)
           ^^^^^^^^^^^^^^^^^^^^^^^^^^^^^^^^^^^^^^^^^^^^^^^^^^^^
<frozen importlib._bootstrap>:1387: in _gcd_import
    ???
<frozen importlib._bootstrap>:1360: in _find_and_load
    ???
<frozen importlib._bootstrap>:1331: in _find_and_load_unlocked
    ???
<frozen importlib._bootstrap>:935: in _load_unlocked
    ???
<frozen importlib._bootstrap_external>:995: in exec_module
    ???
<frozen importlib._bootstrap>:488: in _call_with_frames_removed
    ???
config\urls.py:30: in <module>
    from envios.views import EnvioViewSet, HistorialEstadoViewSet
envios\views.py:11: in <module>
    from .serializers import (
E     File "C:\Users\pepec\Projects\Packfy\paqueteria-cuba-mvp\backend\envios\serializers.py", line 134
E       return data
E       ^^^^^^^^^^^
E   SyntaxError: 'return' outside function
_________________ TestEnvioAPI.test_list_envios_authenticated _________________
tests\test_envios_api.py:83: in test_list_envios_authenticated
    url = reverse("envio-list")
          ^^^^^^^^^^^^^^^^^^^^^
.venv\Lib\site-packages\django\urls\base.py:88: in reverse
    return resolver._reverse_with_prefix(view, prefix, *args, **kwargs)
           ^^^^^^^^^^^^^^^^^^^^^^^^^^^^^^^^^^^^^^^^^^^^^^^^^^^^^^^^^^^^
.venv\Lib\site-packages\django\urls\resolvers.py:746: in _reverse_with_prefix
    self._populate()
.venv\Lib\site-packages\django\urls\resolvers.py:543: in _populate
    for url_pattern in reversed(self.url_patterns):
                                ^^^^^^^^^^^^^^^^^
.venv\Lib\site-packages\django\utils\functional.py:57: in __get__
    res = instance.__dict__[self.name] = self.func(instance)
                                         ^^^^^^^^^^^^^^^^^^^
.venv\Lib\site-packages\django\urls\resolvers.py:715: in url_patterns
    patterns = getattr(self.urlconf_module, "urlpatterns", self.urlconf_module)
                       ^^^^^^^^^^^^^^^^^^^
.venv\Lib\site-packages\django\utils\functional.py:57: in __get__
    res = instance.__dict__[self.name] = self.func(instance)
                                         ^^^^^^^^^^^^^^^^^^^
.venv\Lib\site-packages\django\urls\resolvers.py:708: in urlconf_module
    return import_module(self.urlconf_name)
           ^^^^^^^^^^^^^^^^^^^^^^^^^^^^^^^^
..\..\..\..\anaconda3\Lib\importlib\__init__.py:90: in import_module
    return _bootstrap._gcd_import(name[level:], package, level)
           ^^^^^^^^^^^^^^^^^^^^^^^^^^^^^^^^^^^^^^^^^^^^^^^^^^^^
<frozen importlib._bootstrap>:1387: in _gcd_import
    ???
<frozen importlib._bootstrap>:1360: in _find_and_load
    ???
<frozen importlib._bootstrap>:1331: in _find_and_load_unlocked
    ???
<frozen importlib._bootstrap>:935: in _load_unlocked
    ???
<frozen importlib._bootstrap_external>:995: in exec_module
    ???
<frozen importlib._bootstrap>:488: in _call_with_frames_removed
    ???
config\urls.py:30: in <module>
    from envios.views import EnvioViewSet, HistorialEstadoViewSet
envios\views.py:11: in <module>
    from .serializers import (
E     File "C:\Users\pepec\Projects\Packfy\paqueteria-cuba-mvp\backend\envios\serializers.py", line 134
E       return data
E       ^^^^^^^^^^^
E   SyntaxError: 'return' outside function
________________ TestEnvioAPI.test_list_envios_unauthenticated ________________
tests\test_envios_api.py:96: in test_list_envios_unauthenticated
    url = reverse("envio-list")
          ^^^^^^^^^^^^^^^^^^^^^
.venv\Lib\site-packages\django\urls\base.py:88: in reverse
    return resolver._reverse_with_prefix(view, prefix, *args, **kwargs)
           ^^^^^^^^^^^^^^^^^^^^^^^^^^^^^^^^^^^^^^^^^^^^^^^^^^^^^^^^^^^^
.venv\Lib\site-packages\django\urls\resolvers.py:746: in _reverse_with_prefix
    self._populate()
.venv\Lib\site-packages\django\urls\resolvers.py:543: in _populate
    for url_pattern in reversed(self.url_patterns):
                                ^^^^^^^^^^^^^^^^^
.venv\Lib\site-packages\django\utils\functional.py:57: in __get__
    res = instance.__dict__[self.name] = self.func(instance)
                                         ^^^^^^^^^^^^^^^^^^^
.venv\Lib\site-packages\django\urls\resolvers.py:715: in url_patterns
    patterns = getattr(self.urlconf_module, "urlpatterns", self.urlconf_module)
                       ^^^^^^^^^^^^^^^^^^^
.venv\Lib\site-packages\django\utils\functional.py:57: in __get__
    res = instance.__dict__[self.name] = self.func(instance)
                                         ^^^^^^^^^^^^^^^^^^^
.venv\Lib\site-packages\django\urls\resolvers.py:708: in urlconf_module
    return import_module(self.urlconf_name)
           ^^^^^^^^^^^^^^^^^^^^^^^^^^^^^^^^
..\..\..\..\anaconda3\Lib\importlib\__init__.py:90: in import_module
    return _bootstrap._gcd_import(name[level:], package, level)
           ^^^^^^^^^^^^^^^^^^^^^^^^^^^^^^^^^^^^^^^^^^^^^^^^^^^^
<frozen importlib._bootstrap>:1387: in _gcd_import
    ???
<frozen importlib._bootstrap>:1360: in _find_and_load
    ???
<frozen importlib._bootstrap>:1331: in _find_and_load_unlocked
    ???
<frozen importlib._bootstrap>:935: in _load_unlocked
    ???
<frozen importlib._bootstrap_external>:995: in exec_module
    ???
<frozen importlib._bootstrap>:488: in _call_with_frames_removed
    ???
config\urls.py:30: in <module>
    from envios.views import EnvioViewSet, HistorialEstadoViewSet
envios\views.py:11: in <module>
    from .serializers import (
E     File "C:\Users\pepec\Projects\Packfy\paqueteria-cuba-mvp\backend\envios\serializers.py", line 134
E       return data
E       ^^^^^^^^^^^
E   SyntaxError: 'return' outside function
__________ TestEnvioAPI.test_user_cannot_access_other_company_envios __________
tests\test_envios_api.py:139: in test_user_cannot_access_other_company_envios
    url = reverse("envio-detail", kwargs={"pk": self.envio.pk})
          ^^^^^^^^^^^^^^^^^^^^^^^^^^^^^^^^^^^^^^^^^^^^^^^^^^^^^
.venv\Lib\site-packages\django\urls\base.py:88: in reverse
    return resolver._reverse_with_prefix(view, prefix, *args, **kwargs)
           ^^^^^^^^^^^^^^^^^^^^^^^^^^^^^^^^^^^^^^^^^^^^^^^^^^^^^^^^^^^^
.venv\Lib\site-packages\django\urls\resolvers.py:746: in _reverse_with_prefix
    self._populate()
.venv\Lib\site-packages\django\urls\resolvers.py:543: in _populate
    for url_pattern in reversed(self.url_patterns):
                                ^^^^^^^^^^^^^^^^^
.venv\Lib\site-packages\django\utils\functional.py:57: in __get__
    res = instance.__dict__[self.name] = self.func(instance)
                                         ^^^^^^^^^^^^^^^^^^^
.venv\Lib\site-packages\django\urls\resolvers.py:715: in url_patterns
    patterns = getattr(self.urlconf_module, "urlpatterns", self.urlconf_module)
                       ^^^^^^^^^^^^^^^^^^^
.venv\Lib\site-packages\django\utils\functional.py:57: in __get__
    res = instance.__dict__[self.name] = self.func(instance)
                                         ^^^^^^^^^^^^^^^^^^^
.venv\Lib\site-packages\django\urls\resolvers.py:708: in urlconf_module
    return import_module(self.urlconf_name)
           ^^^^^^^^^^^^^^^^^^^^^^^^^^^^^^^^
..\..\..\..\anaconda3\Lib\importlib\__init__.py:90: in import_module
    return _bootstrap._gcd_import(name[level:], package, level)
           ^^^^^^^^^^^^^^^^^^^^^^^^^^^^^^^^^^^^^^^^^^^^^^^^^^^^
<frozen importlib._bootstrap>:1387: in _gcd_import
    ???
<frozen importlib._bootstrap>:1360: in _find_and_load
    ???
<frozen importlib._bootstrap>:1331: in _find_and_load_unlocked
    ???
<frozen importlib._bootstrap>:935: in _load_unlocked
    ???
<frozen importlib._bootstrap_external>:995: in exec_module
    ???
<frozen importlib._bootstrap>:488: in _call_with_frames_removed
    ???
config\urls.py:30: in <module>
    from envios.views import EnvioViewSet, HistorialEstadoViewSet
envios\views.py:11: in <module>
    from .serializers import (
E     File "C:\Users\pepec\Projects\Packfy\paqueteria-cuba-mvp\backend\envios\serializers.py", line 134
E       return data
E       ^^^^^^^^^^^
E   SyntaxError: 'return' outside function
_________________________ test_estadisticas_endpoint __________________________
.venv\Lib\site-packages\django\core\handlers\exception.py:55: in inner
    response = get_response(request)
               ^^^^^^^^^^^^^^^^^^^^^
.venv\Lib\site-packages\django\core\handlers\base.py:181: in _get_response
    callback, callback_args, callback_kwargs = self.resolve_request(request)
                                               ^^^^^^^^^^^^^^^^^^^^^^^^^^^^^
.venv\Lib\site-packages\django\core\handlers\base.py:313: in resolve_request
    resolver_match = resolver.resolve(request.path_info)
                     ^^^^^^^^^^^^^^^^^^^^^^^^^^^^^^^^^^^
.venv\Lib\site-packages\django\urls\resolvers.py:663: in resolve
    for pattern in self.url_patterns:
                   ^^^^^^^^^^^^^^^^^
.venv\Lib\site-packages\django\utils\functional.py:57: in __get__
    res = instance.__dict__[self.name] = self.func(instance)
                                         ^^^^^^^^^^^^^^^^^^^
.venv\Lib\site-packages\django\urls\resolvers.py:715: in url_patterns
    patterns = getattr(self.urlconf_module, "urlpatterns", self.urlconf_module)
                       ^^^^^^^^^^^^^^^^^^^
.venv\Lib\site-packages\django\utils\functional.py:57: in __get__
    res = instance.__dict__[self.name] = self.func(instance)
                                         ^^^^^^^^^^^^^^^^^^^
.venv\Lib\site-packages\django\urls\resolvers.py:708: in urlconf_module
    return import_module(self.urlconf_name)
           ^^^^^^^^^^^^^^^^^^^^^^^^^^^^^^^^
..\..\..\..\anaconda3\Lib\importlib\__init__.py:90: in import_module
    return _bootstrap._gcd_import(name[level:], package, level)
           ^^^^^^^^^^^^^^^^^^^^^^^^^^^^^^^^^^^^^^^^^^^^^^^^^^^^
config\urls.py:30: in <module>
    from envios.views import EnvioViewSet, HistorialEstadoViewSet
envios\views.py:11: in <module>
    from .serializers import (
E     File "C:\Users\pepec\Projects\Packfy\paqueteria-cuba-mvp\backend\envios\serializers.py", line 134
E       return data
E       ^^^^^^^^^^^
E   SyntaxError: 'return' outside function

During handling of the above exception, another exception occurred:
.venv\Lib\site-packages\django\core\handlers\exception.py:55: in inner
    response = get_response(request)
               ^^^^^^^^^^^^^^^^^^^^^
.venv\Lib\site-packages\django\utils\deprecation.py:134: in __call__
    response = response or self.get_response(request)
                           ^^^^^^^^^^^^^^^^^^^^^^^^^^
.venv\Lib\site-packages\django\core\handlers\exception.py:57: in inner
    response = response_for_exception(request, exc)
               ^^^^^^^^^^^^^^^^^^^^^^^^^^^^^^^^^^^^
.venv\Lib\site-packages\django\core\handlers\exception.py:141: in response_for_exception
    response = handle_uncaught_exception(
.venv\Lib\site-packages\django\core\handlers\exception.py:185: in handle_uncaught_exception
    callback = resolver.resolve_error_handler(500)
               ^^^^^^^^^^^^^^^^^^^^^^^^^^^^^^^^^^^
.venv\Lib\site-packages\django\urls\resolvers.py:729: in resolve_error_handler
    callback = getattr(self.urlconf_module, "handler%s" % view_type, None)
                       ^^^^^^^^^^^^^^^^^^^
.venv\Lib\site-packages\django\utils\functional.py:57: in __get__
    res = instance.__dict__[self.name] = self.func(instance)
                                         ^^^^^^^^^^^^^^^^^^^
.venv\Lib\site-packages\django\urls\resolvers.py:708: in urlconf_module
    return import_module(self.urlconf_name)
           ^^^^^^^^^^^^^^^^^^^^^^^^^^^^^^^^
..\..\..\..\anaconda3\Lib\importlib\__init__.py:90: in import_module
    return _bootstrap._gcd_import(name[level:], package, level)
           ^^^^^^^^^^^^^^^^^^^^^^^^^^^^^^^^^^^^^^^^^^^^^^^^^^^^
config\urls.py:30: in <module>
    from envios.views import EnvioViewSet, HistorialEstadoViewSet
envios\views.py:11: in <module>
    from .serializers import (
E     File "C:\Users\pepec\Projects\Packfy\paqueteria-cuba-mvp\backend\envios\serializers.py", line 134
E       return data
E       ^^^^^^^^^^^
E   SyntaxError: 'return' outside function

During handling of the above exception, another exception occurred:
.venv\Lib\site-packages\django\core\handlers\exception.py:55: in inner
    response = get_response(request)
               ^^^^^^^^^^^^^^^^^^^^^
.venv\Lib\site-packages\django\utils\deprecation.py:134: in __call__
    response = response or self.get_response(request)
                           ^^^^^^^^^^^^^^^^^^^^^^^^^^
.venv\Lib\site-packages\django\core\handlers\exception.py:57: in inner
    response = response_for_exception(request, exc)
               ^^^^^^^^^^^^^^^^^^^^^^^^^^^^^^^^^^^^
.venv\Lib\site-packages\django\core\handlers\exception.py:141: in response_for_exception
    response = handle_uncaught_exception(
.venv\Lib\site-packages\django\core\handlers\exception.py:185: in handle_uncaught_exception
    callback = resolver.resolve_error_handler(500)
               ^^^^^^^^^^^^^^^^^^^^^^^^^^^^^^^^^^^
.venv\Lib\site-packages\django\urls\resolvers.py:729: in resolve_error_handler
    callback = getattr(self.urlconf_module, "handler%s" % view_type, None)
                       ^^^^^^^^^^^^^^^^^^^
.venv\Lib\site-packages\django\utils\functional.py:57: in __get__
    res = instance.__dict__[self.name] = self.func(instance)
                                         ^^^^^^^^^^^^^^^^^^^
.venv\Lib\site-packages\django\urls\resolvers.py:708: in urlconf_module
    return import_module(self.urlconf_name)
           ^^^^^^^^^^^^^^^^^^^^^^^^^^^^^^^^
..\..\..\..\anaconda3\Lib\importlib\__init__.py:90: in import_module
    return _bootstrap._gcd_import(name[level:], package, level)
           ^^^^^^^^^^^^^^^^^^^^^^^^^^^^^^^^^^^^^^^^^^^^^^^^^^^^
config\urls.py:30: in <module>
    from envios.views import EnvioViewSet, HistorialEstadoViewSet
envios\views.py:11: in <module>
    from .serializers import (
E     File "C:\Users\pepec\Projects\Packfy\paqueteria-cuba-mvp\backend\envios\serializers.py", line 134
E       return data
E       ^^^^^^^^^^^
E   SyntaxError: 'return' outside function

During handling of the above exception, another exception occurred:
.venv\Lib\site-packages\django\core\handlers\exception.py:55: in inner
    response = get_response(request)
               ^^^^^^^^^^^^^^^^^^^^^
.venv\Lib\site-packages\django\utils\deprecation.py:134: in __call__
    response = response or self.get_response(request)
                           ^^^^^^^^^^^^^^^^^^^^^^^^^^
.venv\Lib\site-packages\django\core\handlers\exception.py:57: in inner
    response = response_for_exception(request, exc)
               ^^^^^^^^^^^^^^^^^^^^^^^^^^^^^^^^^^^^
.venv\Lib\site-packages\django\core\handlers\exception.py:141: in response_for_exception
    response = handle_uncaught_exception(
.venv\Lib\site-packages\django\core\handlers\exception.py:185: in handle_uncaught_exception
    callback = resolver.resolve_error_handler(500)
               ^^^^^^^^^^^^^^^^^^^^^^^^^^^^^^^^^^^
.venv\Lib\site-packages\django\urls\resolvers.py:729: in resolve_error_handler
    callback = getattr(self.urlconf_module, "handler%s" % view_type, None)
                       ^^^^^^^^^^^^^^^^^^^
.venv\Lib\site-packages\django\utils\functional.py:57: in __get__
    res = instance.__dict__[self.name] = self.func(instance)
                                         ^^^^^^^^^^^^^^^^^^^
.venv\Lib\site-packages\django\urls\resolvers.py:708: in urlconf_module
    return import_module(self.urlconf_name)
           ^^^^^^^^^^^^^^^^^^^^^^^^^^^^^^^^
..\..\..\..\anaconda3\Lib\importlib\__init__.py:90: in import_module
    return _bootstrap._gcd_import(name[level:], package, level)
           ^^^^^^^^^^^^^^^^^^^^^^^^^^^^^^^^^^^^^^^^^^^^^^^^^^^^
config\urls.py:30: in <module>
    from envios.views import EnvioViewSet, HistorialEstadoViewSet
envios\views.py:11: in <module>
    from .serializers import (
E     File "C:\Users\pepec\Projects\Packfy\paqueteria-cuba-mvp\backend\envios\serializers.py", line 134
E       return data
E       ^^^^^^^^^^^
E   SyntaxError: 'return' outside function

During handling of the above exception, another exception occurred:
.venv\Lib\site-packages\django\core\handlers\exception.py:55: in inner
    response = get_response(request)
               ^^^^^^^^^^^^^^^^^^^^^
.venv\Lib\site-packages\django\utils\deprecation.py:134: in __call__
    response = response or self.get_response(request)
                           ^^^^^^^^^^^^^^^^^^^^^^^^^^
.venv\Lib\site-packages\django\core\handlers\exception.py:57: in inner
    response = response_for_exception(request, exc)
               ^^^^^^^^^^^^^^^^^^^^^^^^^^^^^^^^^^^^
.venv\Lib\site-packages\django\core\handlers\exception.py:141: in response_for_exception
    response = handle_uncaught_exception(
.venv\Lib\site-packages\django\core\handlers\exception.py:185: in handle_uncaught_exception
    callback = resolver.resolve_error_handler(500)
               ^^^^^^^^^^^^^^^^^^^^^^^^^^^^^^^^^^^
.venv\Lib\site-packages\django\urls\resolvers.py:729: in resolve_error_handler
    callback = getattr(self.urlconf_module, "handler%s" % view_type, None)
                       ^^^^^^^^^^^^^^^^^^^
.venv\Lib\site-packages\django\utils\functional.py:57: in __get__
    res = instance.__dict__[self.name] = self.func(instance)
                                         ^^^^^^^^^^^^^^^^^^^
.venv\Lib\site-packages\django\urls\resolvers.py:708: in urlconf_module
    return import_module(self.urlconf_name)
           ^^^^^^^^^^^^^^^^^^^^^^^^^^^^^^^^
..\..\..\..\anaconda3\Lib\importlib\__init__.py:90: in import_module
    return _bootstrap._gcd_import(name[level:], package, level)
           ^^^^^^^^^^^^^^^^^^^^^^^^^^^^^^^^^^^^^^^^^^^^^^^^^^^^
config\urls.py:30: in <module>
    from envios.views import EnvioViewSet, HistorialEstadoViewSet
envios\views.py:11: in <module>
    from .serializers import (
E     File "C:\Users\pepec\Projects\Packfy\paqueteria-cuba-mvp\backend\envios\serializers.py", line 134
E       return data
E       ^^^^^^^^^^^
E   SyntaxError: 'return' outside function

During handling of the above exception, another exception occurred:
.venv\Lib\site-packages\django\core\handlers\exception.py:55: in inner
    response = get_response(request)
               ^^^^^^^^^^^^^^^^^^^^^
.venv\Lib\site-packages\django\utils\deprecation.py:134: in __call__
    response = response or self.get_response(request)
                           ^^^^^^^^^^^^^^^^^^^^^^^^^^
.venv\Lib\site-packages\django\core\handlers\exception.py:57: in inner
    response = response_for_exception(request, exc)
               ^^^^^^^^^^^^^^^^^^^^^^^^^^^^^^^^^^^^
.venv\Lib\site-packages\django\core\handlers\exception.py:141: in response_for_exception
    response = handle_uncaught_exception(
.venv\Lib\site-packages\django\core\handlers\exception.py:185: in handle_uncaught_exception
    callback = resolver.resolve_error_handler(500)
               ^^^^^^^^^^^^^^^^^^^^^^^^^^^^^^^^^^^
.venv\Lib\site-packages\django\urls\resolvers.py:729: in resolve_error_handler
    callback = getattr(self.urlconf_module, "handler%s" % view_type, None)
                       ^^^^^^^^^^^^^^^^^^^
.venv\Lib\site-packages\django\utils\functional.py:57: in __get__
    res = instance.__dict__[self.name] = self.func(instance)
                                         ^^^^^^^^^^^^^^^^^^^
.venv\Lib\site-packages\django\urls\resolvers.py:708: in urlconf_module
    return import_module(self.urlconf_name)
           ^^^^^^^^^^^^^^^^^^^^^^^^^^^^^^^^
..\..\..\..\anaconda3\Lib\importlib\__init__.py:90: in import_module
    return _bootstrap._gcd_import(name[level:], package, level)
           ^^^^^^^^^^^^^^^^^^^^^^^^^^^^^^^^^^^^^^^^^^^^^^^^^^^^
config\urls.py:30: in <module>
    from envios.views import EnvioViewSet, HistorialEstadoViewSet
envios\views.py:11: in <module>
    from .serializers import (
E     File "C:\Users\pepec\Projects\Packfy\paqueteria-cuba-mvp\backend\envios\serializers.py", line 134
E       return data
E       ^^^^^^^^^^^
E   SyntaxError: 'return' outside function

During handling of the above exception, another exception occurred:
.venv\Lib\site-packages\django\core\handlers\exception.py:55: in inner
    response = get_response(request)
               ^^^^^^^^^^^^^^^^^^^^^
.venv\Lib\site-packages\django\utils\deprecation.py:134: in __call__
    response = response or self.get_response(request)
                           ^^^^^^^^^^^^^^^^^^^^^^^^^^
.venv\Lib\site-packages\django\core\handlers\exception.py:57: in inner
    response = response_for_exception(request, exc)
               ^^^^^^^^^^^^^^^^^^^^^^^^^^^^^^^^^^^^
.venv\Lib\site-packages\django\core\handlers\exception.py:141: in response_for_exception
    response = handle_uncaught_exception(
.venv\Lib\site-packages\django\core\handlers\exception.py:185: in handle_uncaught_exception
    callback = resolver.resolve_error_handler(500)
               ^^^^^^^^^^^^^^^^^^^^^^^^^^^^^^^^^^^
.venv\Lib\site-packages\django\urls\resolvers.py:729: in resolve_error_handler
    callback = getattr(self.urlconf_module, "handler%s" % view_type, None)
                       ^^^^^^^^^^^^^^^^^^^
.venv\Lib\site-packages\django\utils\functional.py:57: in __get__
    res = instance.__dict__[self.name] = self.func(instance)
                                         ^^^^^^^^^^^^^^^^^^^
.venv\Lib\site-packages\django\urls\resolvers.py:708: in urlconf_module
    return import_module(self.urlconf_name)
           ^^^^^^^^^^^^^^^^^^^^^^^^^^^^^^^^
..\..\..\..\anaconda3\Lib\importlib\__init__.py:90: in import_module
    return _bootstrap._gcd_import(name[level:], package, level)
           ^^^^^^^^^^^^^^^^^^^^^^^^^^^^^^^^^^^^^^^^^^^^^^^^^^^^
config\urls.py:30: in <module>
    from envios.views import EnvioViewSet, HistorialEstadoViewSet
envios\views.py:11: in <module>
    from .serializers import (
E     File "C:\Users\pepec\Projects\Packfy\paqueteria-cuba-mvp\backend\envios\serializers.py", line 134
E       return data
E       ^^^^^^^^^^^
E   SyntaxError: 'return' outside function

During handling of the above exception, another exception occurred:
.venv\Lib\site-packages\django\core\handlers\exception.py:55: in inner
    response = get_response(request)
               ^^^^^^^^^^^^^^^^^^^^^
.venv\Lib\site-packages\corsheaders\middleware.py:56: in __call__
    result = self.get_response(request)
             ^^^^^^^^^^^^^^^^^^^^^^^^^^
.venv\Lib\site-packages\django\core\handlers\exception.py:57: in inner
    response = response_for_exception(request, exc)
               ^^^^^^^^^^^^^^^^^^^^^^^^^^^^^^^^^^^^
.venv\Lib\site-packages\django\core\handlers\exception.py:141: in response_for_exception
    response = handle_uncaught_exception(
.venv\Lib\site-packages\django\core\handlers\exception.py:185: in handle_uncaught_exception
    callback = resolver.resolve_error_handler(500)
               ^^^^^^^^^^^^^^^^^^^^^^^^^^^^^^^^^^^
.venv\Lib\site-packages\django\urls\resolvers.py:729: in resolve_error_handler
    callback = getattr(self.urlconf_module, "handler%s" % view_type, None)
                       ^^^^^^^^^^^^^^^^^^^
.venv\Lib\site-packages\django\utils\functional.py:57: in __get__
    res = instance.__dict__[self.name] = self.func(instance)
                                         ^^^^^^^^^^^^^^^^^^^
.venv\Lib\site-packages\django\urls\resolvers.py:708: in urlconf_module
    return import_module(self.urlconf_name)
           ^^^^^^^^^^^^^^^^^^^^^^^^^^^^^^^^
..\..\..\..\anaconda3\Lib\importlib\__init__.py:90: in import_module
    return _bootstrap._gcd_import(name[level:], package, level)
           ^^^^^^^^^^^^^^^^^^^^^^^^^^^^^^^^^^^^^^^^^^^^^^^^^^^^
config\urls.py:30: in <module>
    from envios.views import EnvioViewSet, HistorialEstadoViewSet
envios\views.py:11: in <module>
    from .serializers import (
E     File "C:\Users\pepec\Projects\Packfy\paqueteria-cuba-mvp\backend\envios\serializers.py", line 134
E       return data
E       ^^^^^^^^^^^
E   SyntaxError: 'return' outside function

During handling of the above exception, another exception occurred:
.venv\Lib\site-packages\django\core\handlers\exception.py:55: in inner
    response = get_response(request)
               ^^^^^^^^^^^^^^^^^^^^^
.venv\Lib\site-packages\django\utils\deprecation.py:134: in __call__
    response = response or self.get_response(request)
                           ^^^^^^^^^^^^^^^^^^^^^^^^^^
.venv\Lib\site-packages\django\core\handlers\exception.py:57: in inner
    response = response_for_exception(request, exc)
               ^^^^^^^^^^^^^^^^^^^^^^^^^^^^^^^^^^^^
.venv\Lib\site-packages\django\core\handlers\exception.py:141: in response_for_exception
    response = handle_uncaught_exception(
.venv\Lib\site-packages\django\core\handlers\exception.py:185: in handle_uncaught_exception
    callback = resolver.resolve_error_handler(500)
               ^^^^^^^^^^^^^^^^^^^^^^^^^^^^^^^^^^^
.venv\Lib\site-packages\django\urls\resolvers.py:729: in resolve_error_handler
    callback = getattr(self.urlconf_module, "handler%s" % view_type, None)
                       ^^^^^^^^^^^^^^^^^^^
.venv\Lib\site-packages\django\utils\functional.py:57: in __get__
    res = instance.__dict__[self.name] = self.func(instance)
                                         ^^^^^^^^^^^^^^^^^^^
.venv\Lib\site-packages\django\urls\resolvers.py:708: in urlconf_module
    return import_module(self.urlconf_name)
           ^^^^^^^^^^^^^^^^^^^^^^^^^^^^^^^^
..\..\..\..\anaconda3\Lib\importlib\__init__.py:90: in import_module
    return _bootstrap._gcd_import(name[level:], package, level)
           ^^^^^^^^^^^^^^^^^^^^^^^^^^^^^^^^^^^^^^^^^^^^^^^^^^^^
config\urls.py:30: in <module>
    from envios.views import EnvioViewSet, HistorialEstadoViewSet
envios\views.py:11: in <module>
    from .serializers import (
E     File "C:\Users\pepec\Projects\Packfy\paqueteria-cuba-mvp\backend\envios\serializers.py", line 134
E       return data
E       ^^^^^^^^^^^
E   SyntaxError: 'return' outside function

During handling of the above exception, another exception occurred:
.venv\Lib\site-packages\django\core\handlers\exception.py:55: in inner
    response = get_response(request)
               ^^^^^^^^^^^^^^^^^^^^^
.venv\Lib\site-packages\django\utils\deprecation.py:134: in __call__
    response = response or self.get_response(request)
                           ^^^^^^^^^^^^^^^^^^^^^^^^^^
.venv\Lib\site-packages\django\core\handlers\exception.py:57: in inner
    response = response_for_exception(request, exc)
               ^^^^^^^^^^^^^^^^^^^^^^^^^^^^^^^^^^^^
.venv\Lib\site-packages\django\core\handlers\exception.py:141: in response_for_exception
    response = handle_uncaught_exception(
.venv\Lib\site-packages\django\core\handlers\exception.py:185: in handle_uncaught_exception
    callback = resolver.resolve_error_handler(500)
               ^^^^^^^^^^^^^^^^^^^^^^^^^^^^^^^^^^^
.venv\Lib\site-packages\django\urls\resolvers.py:729: in resolve_error_handler
    callback = getattr(self.urlconf_module, "handler%s" % view_type, None)
                       ^^^^^^^^^^^^^^^^^^^
.venv\Lib\site-packages\django\utils\functional.py:57: in __get__
    res = instance.__dict__[self.name] = self.func(instance)
                                         ^^^^^^^^^^^^^^^^^^^
.venv\Lib\site-packages\django\urls\resolvers.py:708: in urlconf_module
    return import_module(self.urlconf_name)
           ^^^^^^^^^^^^^^^^^^^^^^^^^^^^^^^^
..\..\..\..\anaconda3\Lib\importlib\__init__.py:90: in import_module
    return _bootstrap._gcd_import(name[level:], package, level)
           ^^^^^^^^^^^^^^^^^^^^^^^^^^^^^^^^^^^^^^^^^^^^^^^^^^^^
config\urls.py:30: in <module>
    from envios.views import EnvioViewSet, HistorialEstadoViewSet
envios\views.py:11: in <module>
    from .serializers import (
E     File "C:\Users\pepec\Projects\Packfy\paqueteria-cuba-mvp\backend\envios\serializers.py", line 134
E       return data
E       ^^^^^^^^^^^
E   SyntaxError: 'return' outside function

During handling of the above exception, another exception occurred:
.venv\Lib\site-packages\django\core\handlers\exception.py:55: in inner
    response = get_response(request)
               ^^^^^^^^^^^^^^^^^^^^^
.venv\Lib\site-packages\django\utils\deprecation.py:134: in __call__
    response = response or self.get_response(request)
                           ^^^^^^^^^^^^^^^^^^^^^^^^^^
.venv\Lib\site-packages\django\core\handlers\exception.py:57: in inner
    response = response_for_exception(request, exc)
               ^^^^^^^^^^^^^^^^^^^^^^^^^^^^^^^^^^^^
.venv\Lib\site-packages\django\core\handlers\exception.py:141: in response_for_exception
    response = handle_uncaught_exception(
.venv\Lib\site-packages\django\core\handlers\exception.py:185: in handle_uncaught_exception
    callback = resolver.resolve_error_handler(500)
               ^^^^^^^^^^^^^^^^^^^^^^^^^^^^^^^^^^^
.venv\Lib\site-packages\django\urls\resolvers.py:729: in resolve_error_handler
    callback = getattr(self.urlconf_module, "handler%s" % view_type, None)
                       ^^^^^^^^^^^^^^^^^^^
.venv\Lib\site-packages\django\utils\functional.py:57: in __get__
    res = instance.__dict__[self.name] = self.func(instance)
                                         ^^^^^^^^^^^^^^^^^^^
.venv\Lib\site-packages\django\urls\resolvers.py:708: in urlconf_module
    return import_module(self.urlconf_name)
           ^^^^^^^^^^^^^^^^^^^^^^^^^^^^^^^^
..\..\..\..\anaconda3\Lib\importlib\__init__.py:90: in import_module
    return _bootstrap._gcd_import(name[level:], package, level)
           ^^^^^^^^^^^^^^^^^^^^^^^^^^^^^^^^^^^^^^^^^^^^^^^^^^^^
config\urls.py:30: in <module>
    from envios.views import EnvioViewSet, HistorialEstadoViewSet
envios\views.py:11: in <module>
    from .serializers import (
E     File "C:\Users\pepec\Projects\Packfy\paqueteria-cuba-mvp\backend\envios\serializers.py", line 134
E       return data
E       ^^^^^^^^^^^
E   SyntaxError: 'return' outside function

During handling of the above exception, another exception occurred:
.venv\Lib\site-packages\django\core\handlers\exception.py:55: in inner
    response = get_response(request)
               ^^^^^^^^^^^^^^^^^^^^^
.venv\Lib\site-packages\django\utils\deprecation.py:134: in __call__
    response = response or self.get_response(request)
                           ^^^^^^^^^^^^^^^^^^^^^^^^^^
.venv\Lib\site-packages\django\core\handlers\exception.py:57: in inner
    response = response_for_exception(request, exc)
               ^^^^^^^^^^^^^^^^^^^^^^^^^^^^^^^^^^^^
.venv\Lib\site-packages\django\core\handlers\exception.py:141: in response_for_exception
    response = handle_uncaught_exception(
.venv\Lib\site-packages\django\core\handlers\exception.py:185: in handle_uncaught_exception
    callback = resolver.resolve_error_handler(500)
               ^^^^^^^^^^^^^^^^^^^^^^^^^^^^^^^^^^^
.venv\Lib\site-packages\django\urls\resolvers.py:729: in resolve_error_handler
    callback = getattr(self.urlconf_module, "handler%s" % view_type, None)
                       ^^^^^^^^^^^^^^^^^^^
.venv\Lib\site-packages\django\utils\functional.py:57: in __get__
    res = instance.__dict__[self.name] = self.func(instance)
                                         ^^^^^^^^^^^^^^^^^^^
.venv\Lib\site-packages\django\urls\resolvers.py:708: in urlconf_module
    return import_module(self.urlconf_name)
           ^^^^^^^^^^^^^^^^^^^^^^^^^^^^^^^^
..\..\..\..\anaconda3\Lib\importlib\__init__.py:90: in import_module
    return _bootstrap._gcd_import(name[level:], package, level)
           ^^^^^^^^^^^^^^^^^^^^^^^^^^^^^^^^^^^^^^^^^^^^^^^^^^^^
config\urls.py:30: in <module>
    from envios.views import EnvioViewSet, HistorialEstadoViewSet
envios\views.py:11: in <module>
    from .serializers import (
E     File "C:\Users\pepec\Projects\Packfy\paqueteria-cuba-mvp\backend\envios\serializers.py", line 134
E       return data
E       ^^^^^^^^^^^
E   SyntaxError: 'return' outside function

During handling of the above exception, another exception occurred:
.venv\Lib\site-packages\django\core\handlers\exception.py:55: in inner
    response = get_response(request)
               ^^^^^^^^^^^^^^^^^^^^^
.venv\Lib\site-packages\django\utils\deprecation.py:134: in __call__
    response = response or self.get_response(request)
                           ^^^^^^^^^^^^^^^^^^^^^^^^^^
.venv\Lib\site-packages\django\core\handlers\exception.py:57: in inner
    response = response_for_exception(request, exc)
               ^^^^^^^^^^^^^^^^^^^^^^^^^^^^^^^^^^^^
.venv\Lib\site-packages\django\core\handlers\exception.py:141: in response_for_exception
    response = handle_uncaught_exception(
.venv\Lib\site-packages\django\core\handlers\exception.py:185: in handle_uncaught_exception
    callback = resolver.resolve_error_handler(500)
               ^^^^^^^^^^^^^^^^^^^^^^^^^^^^^^^^^^^
.venv\Lib\site-packages\django\urls\resolvers.py:729: in resolve_error_handler
    callback = getattr(self.urlconf_module, "handler%s" % view_type, None)
                       ^^^^^^^^^^^^^^^^^^^
.venv\Lib\site-packages\django\utils\functional.py:57: in __get__
    res = instance.__dict__[self.name] = self.func(instance)
                                         ^^^^^^^^^^^^^^^^^^^
.venv\Lib\site-packages\django\urls\resolvers.py:708: in urlconf_module
    return import_module(self.urlconf_name)
           ^^^^^^^^^^^^^^^^^^^^^^^^^^^^^^^^
..\..\..\..\anaconda3\Lib\importlib\__init__.py:90: in import_module
    return _bootstrap._gcd_import(name[level:], package, level)
           ^^^^^^^^^^^^^^^^^^^^^^^^^^^^^^^^^^^^^^^^^^^^^^^^^^^^
config\urls.py:30: in <module>
    from envios.views import EnvioViewSet, HistorialEstadoViewSet
envios\views.py:11: in <module>
    from .serializers import (
E     File "C:\Users\pepec\Projects\Packfy\paqueteria-cuba-mvp\backend\envios\serializers.py", line 134
E       return data
E       ^^^^^^^^^^^
E   SyntaxError: 'return' outside function

During handling of the above exception, another exception occurred:
tests\test_envios_estadisticas.py:40: in test_estadisticas_endpoint
    r = client.get("/api/envios/estadisticas/")
        ^^^^^^^^^^^^^^^^^^^^^^^^^^^^^^^^^^^^^^^
.venv\Lib\site-packages\django\test\client.py:927: in get
    response = super().get(path, data=data, secure=secure, headers=headers, **extra)
               ^^^^^^^^^^^^^^^^^^^^^^^^^^^^^^^^^^^^^^^^^^^^^^^^^^^^^^^^^^^^^^^^^^^^^
.venv\Lib\site-packages\django\test\client.py:457: in get
    return self.generic(
.venv\Lib\site-packages\django\test\client.py:609: in generic
    return self.request(**r)
           ^^^^^^^^^^^^^^^^^
.venv\Lib\site-packages\django\test\client.py:886: in request
    response = self.handler(environ)
               ^^^^^^^^^^^^^^^^^^^^^
.venv\Lib\site-packages\django\test\client.py:176: in __call__
    response = self.get_response(request)
               ^^^^^^^^^^^^^^^^^^^^^^^^^^
.venv\Lib\site-packages\django\core\handlers\base.py:140: in get_response
    response = self._middleware_chain(request)
               ^^^^^^^^^^^^^^^^^^^^^^^^^^^^^^^
.venv\Lib\site-packages\django\core\handlers\exception.py:57: in inner
    response = response_for_exception(request, exc)
               ^^^^^^^^^^^^^^^^^^^^^^^^^^^^^^^^^^^^
.venv\Lib\site-packages\django\core\handlers\exception.py:141: in response_for_exception
    response = handle_uncaught_exception(
.venv\Lib\site-packages\django\core\handlers\exception.py:185: in handle_uncaught_exception
    callback = resolver.resolve_error_handler(500)
               ^^^^^^^^^^^^^^^^^^^^^^^^^^^^^^^^^^^
.venv\Lib\site-packages\django\urls\resolvers.py:729: in resolve_error_handler
    callback = getattr(self.urlconf_module, "handler%s" % view_type, None)
                       ^^^^^^^^^^^^^^^^^^^
.venv\Lib\site-packages\django\utils\functional.py:57: in __get__
    res = instance.__dict__[self.name] = self.func(instance)
                                         ^^^^^^^^^^^^^^^^^^^
.venv\Lib\site-packages\django\urls\resolvers.py:708: in urlconf_module
    return import_module(self.urlconf_name)
           ^^^^^^^^^^^^^^^^^^^^^^^^^^^^^^^^
..\..\..\..\anaconda3\Lib\importlib\__init__.py:90: in import_module
    return _bootstrap._gcd_import(name[level:], package, level)
           ^^^^^^^^^^^^^^^^^^^^^^^^^^^^^^^^^^^^^^^^^^^^^^^^^^^^
<frozen importlib._bootstrap>:1387: in _gcd_import
    ???
<frozen importlib._bootstrap>:1360: in _find_and_load
    ???
<frozen importlib._bootstrap>:1331: in _find_and_load_unlocked
    ???
<frozen importlib._bootstrap>:935: in _load_unlocked
    ???
<frozen importlib._bootstrap_external>:995: in exec_module
    ???
<frozen importlib._bootstrap>:488: in _call_with_frames_removed
    ???
config\urls.py:30: in <module>
    from envios.views import EnvioViewSet, HistorialEstadoViewSet
envios\views.py:11: in <module>
    from .serializers import (
E     File "C:\Users\pepec\Projects\Packfy\paqueteria-cuba-mvp\backend\envios\serializers.py", line 134
E       return data
E       ^^^^^^^^^^^
E   SyntaxError: 'return' outside function
_________________________ test_request_id_and_logging _________________________
.venv\Lib\site-packages\django\core\handlers\exception.py:55: in inner
    response = get_response(request)
               ^^^^^^^^^^^^^^^^^^^^^
.venv\Lib\site-packages\django\core\handlers\base.py:181: in _get_response
    callback, callback_args, callback_kwargs = self.resolve_request(request)
                                               ^^^^^^^^^^^^^^^^^^^^^^^^^^^^^
.venv\Lib\site-packages\django\core\handlers\base.py:313: in resolve_request
    resolver_match = resolver.resolve(request.path_info)
                     ^^^^^^^^^^^^^^^^^^^^^^^^^^^^^^^^^^^
.venv\Lib\site-packages\django\urls\resolvers.py:663: in resolve
    for pattern in self.url_patterns:
                   ^^^^^^^^^^^^^^^^^
.venv\Lib\site-packages\django\utils\functional.py:57: in __get__
    res = instance.__dict__[self.name] = self.func(instance)
                                         ^^^^^^^^^^^^^^^^^^^
.venv\Lib\site-packages\django\urls\resolvers.py:715: in url_patterns
    patterns = getattr(self.urlconf_module, "urlpatterns", self.urlconf_module)
                       ^^^^^^^^^^^^^^^^^^^
.venv\Lib\site-packages\django\utils\functional.py:57: in __get__
    res = instance.__dict__[self.name] = self.func(instance)
                                         ^^^^^^^^^^^^^^^^^^^
.venv\Lib\site-packages\django\urls\resolvers.py:708: in urlconf_module
    return import_module(self.urlconf_name)
           ^^^^^^^^^^^^^^^^^^^^^^^^^^^^^^^^
..\..\..\..\anaconda3\Lib\importlib\__init__.py:90: in import_module
    return _bootstrap._gcd_import(name[level:], package, level)
           ^^^^^^^^^^^^^^^^^^^^^^^^^^^^^^^^^^^^^^^^^^^^^^^^^^^^
config\urls.py:30: in <module>
    from envios.views import EnvioViewSet, HistorialEstadoViewSet
envios\views.py:11: in <module>
    from .serializers import (
E     File "C:\Users\pepec\Projects\Packfy\paqueteria-cuba-mvp\backend\envios\serializers.py", line 134
E       return data
E       ^^^^^^^^^^^
E   SyntaxError: 'return' outside function

During handling of the above exception, another exception occurred:
.venv\Lib\site-packages\django\core\handlers\exception.py:55: in inner
    response = get_response(request)
               ^^^^^^^^^^^^^^^^^^^^^
.venv\Lib\site-packages\django\utils\deprecation.py:134: in __call__
    response = response or self.get_response(request)
                           ^^^^^^^^^^^^^^^^^^^^^^^^^^
.venv\Lib\site-packages\django\core\handlers\exception.py:57: in inner
    response = response_for_exception(request, exc)
               ^^^^^^^^^^^^^^^^^^^^^^^^^^^^^^^^^^^^
.venv\Lib\site-packages\django\core\handlers\exception.py:141: in response_for_exception
    response = handle_uncaught_exception(
.venv\Lib\site-packages\django\core\handlers\exception.py:185: in handle_uncaught_exception
    callback = resolver.resolve_error_handler(500)
               ^^^^^^^^^^^^^^^^^^^^^^^^^^^^^^^^^^^
.venv\Lib\site-packages\django\urls\resolvers.py:729: in resolve_error_handler
    callback = getattr(self.urlconf_module, "handler%s" % view_type, None)
                       ^^^^^^^^^^^^^^^^^^^
.venv\Lib\site-packages\django\utils\functional.py:57: in __get__
    res = instance.__dict__[self.name] = self.func(instance)
                                         ^^^^^^^^^^^^^^^^^^^
.venv\Lib\site-packages\django\urls\resolvers.py:708: in urlconf_module
    return import_module(self.urlconf_name)
           ^^^^^^^^^^^^^^^^^^^^^^^^^^^^^^^^
..\..\..\..\anaconda3\Lib\importlib\__init__.py:90: in import_module
    return _bootstrap._gcd_import(name[level:], package, level)
           ^^^^^^^^^^^^^^^^^^^^^^^^^^^^^^^^^^^^^^^^^^^^^^^^^^^^
config\urls.py:30: in <module>
    from envios.views import EnvioViewSet, HistorialEstadoViewSet
envios\views.py:11: in <module>
    from .serializers import (
E     File "C:\Users\pepec\Projects\Packfy\paqueteria-cuba-mvp\backend\envios\serializers.py", line 134
E       return data
E       ^^^^^^^^^^^
E   SyntaxError: 'return' outside function

During handling of the above exception, another exception occurred:
.venv\Lib\site-packages\django\core\handlers\exception.py:55: in inner
    response = get_response(request)
               ^^^^^^^^^^^^^^^^^^^^^
.venv\Lib\site-packages\django\utils\deprecation.py:134: in __call__
    response = response or self.get_response(request)
                           ^^^^^^^^^^^^^^^^^^^^^^^^^^
.venv\Lib\site-packages\django\core\handlers\exception.py:57: in inner
    response = response_for_exception(request, exc)
               ^^^^^^^^^^^^^^^^^^^^^^^^^^^^^^^^^^^^
.venv\Lib\site-packages\django\core\handlers\exception.py:141: in response_for_exception
    response = handle_uncaught_exception(
.venv\Lib\site-packages\django\core\handlers\exception.py:185: in handle_uncaught_exception
    callback = resolver.resolve_error_handler(500)
               ^^^^^^^^^^^^^^^^^^^^^^^^^^^^^^^^^^^
.venv\Lib\site-packages\django\urls\resolvers.py:729: in resolve_error_handler
    callback = getattr(self.urlconf_module, "handler%s" % view_type, None)
                       ^^^^^^^^^^^^^^^^^^^
.venv\Lib\site-packages\django\utils\functional.py:57: in __get__
    res = instance.__dict__[self.name] = self.func(instance)
                                         ^^^^^^^^^^^^^^^^^^^
.venv\Lib\site-packages\django\urls\resolvers.py:708: in urlconf_module
    return import_module(self.urlconf_name)
           ^^^^^^^^^^^^^^^^^^^^^^^^^^^^^^^^
..\..\..\..\anaconda3\Lib\importlib\__init__.py:90: in import_module
    return _bootstrap._gcd_import(name[level:], package, level)
           ^^^^^^^^^^^^^^^^^^^^^^^^^^^^^^^^^^^^^^^^^^^^^^^^^^^^
config\urls.py:30: in <module>
    from envios.views import EnvioViewSet, HistorialEstadoViewSet
envios\views.py:11: in <module>
    from .serializers import (
E     File "C:\Users\pepec\Projects\Packfy\paqueteria-cuba-mvp\backend\envios\serializers.py", line 134
E       return data
E       ^^^^^^^^^^^
E   SyntaxError: 'return' outside function

During handling of the above exception, another exception occurred:
.venv\Lib\site-packages\django\core\handlers\exception.py:55: in inner
    response = get_response(request)
               ^^^^^^^^^^^^^^^^^^^^^
.venv\Lib\site-packages\django\utils\deprecation.py:134: in __call__
    response = response or self.get_response(request)
                           ^^^^^^^^^^^^^^^^^^^^^^^^^^
.venv\Lib\site-packages\django\core\handlers\exception.py:57: in inner
    response = response_for_exception(request, exc)
               ^^^^^^^^^^^^^^^^^^^^^^^^^^^^^^^^^^^^
.venv\Lib\site-packages\django\core\handlers\exception.py:141: in response_for_exception
    response = handle_uncaught_exception(
.venv\Lib\site-packages\django\core\handlers\exception.py:185: in handle_uncaught_exception
    callback = resolver.resolve_error_handler(500)
               ^^^^^^^^^^^^^^^^^^^^^^^^^^^^^^^^^^^
.venv\Lib\site-packages\django\urls\resolvers.py:729: in resolve_error_handler
    callback = getattr(self.urlconf_module, "handler%s" % view_type, None)
                       ^^^^^^^^^^^^^^^^^^^
.venv\Lib\site-packages\django\utils\functional.py:57: in __get__
    res = instance.__dict__[self.name] = self.func(instance)
                                         ^^^^^^^^^^^^^^^^^^^
.venv\Lib\site-packages\django\urls\resolvers.py:708: in urlconf_module
    return import_module(self.urlconf_name)
           ^^^^^^^^^^^^^^^^^^^^^^^^^^^^^^^^
..\..\..\..\anaconda3\Lib\importlib\__init__.py:90: in import_module
    return _bootstrap._gcd_import(name[level:], package, level)
           ^^^^^^^^^^^^^^^^^^^^^^^^^^^^^^^^^^^^^^^^^^^^^^^^^^^^
config\urls.py:30: in <module>
    from envios.views import EnvioViewSet, HistorialEstadoViewSet
envios\views.py:11: in <module>
    from .serializers import (
E     File "C:\Users\pepec\Projects\Packfy\paqueteria-cuba-mvp\backend\envios\serializers.py", line 134
E       return data
E       ^^^^^^^^^^^
E   SyntaxError: 'return' outside function

During handling of the above exception, another exception occurred:
.venv\Lib\site-packages\django\core\handlers\exception.py:55: in inner
    response = get_response(request)
               ^^^^^^^^^^^^^^^^^^^^^
.venv\Lib\site-packages\django\utils\deprecation.py:134: in __call__
    response = response or self.get_response(request)
[...]
    from .serializers import (
E     File "C:\Users\pepec\Projects\Packfy\paqueteria-cuba-mvp\backend\envios\serializers.py", line 134
E       return data
E       ^^^^^^^^^^^
E   SyntaxError: 'return' outside function

During handling of the above exception, another exception occurred:
.venv\Lib\site-packages\django\core\handlers\exception.py:55: in inner
    response = get_response(request)
               ^^^^^^^^^^^^^^^^^^^^^
.venv\Lib\site-packages\django\utils\deprecation.py:134: in __call__
    response = response or self.get_response(request)
                           ^^^^^^^^^^^^^^^^^^^^^^^^^^
.venv\Lib\site-packages\django\core\handlers\exception.py:57: in inner
    response = response_for_exception(request, exc)
               ^^^^^^^^^^^^^^^^^^^^^^^^^^^^^^^^^^^^
.venv\Lib\site-packages\django\core\handlers\exception.py:141: in response_for_exception
    response = handle_uncaught_exception(
.venv\Lib\site-packages\django\core\handlers\exception.py:185: in handle_uncaught_exception
    callback = resolver.resolve_error_handler(500)
               ^^^^^^^^^^^^^^^^^^^^^^^^^^^^^^^^^^^
.venv\Lib\site-packages\django\urls\resolvers.py:729: in resolve_error_handler
    callback = getattr(self.urlconf_module, "handler%s" % view_type, None)
                       ^^^^^^^^^^^^^^^^^^^
.venv\Lib\site-packages\django\utils\functional.py:57: in __get__
    res = instance.__dict__[self.name] = self.func(instance)
                                         ^^^^^^^^^^^^^^^^^^^
.venv\Lib\site-packages\django\urls\resolvers.py:708: in urlconf_module
    return import_module(self.urlconf_name)
           ^^^^^^^^^^^^^^^^^^^^^^^^^^^^^^^^
..\..\..\..\anaconda3\Lib\importlib\__init__.py:90: in import_module
    return _bootstrap._gcd_import(name[level:], package, level)
           ^^^^^^^^^^^^^^^^^^^^^^^^^^^^^^^^^^^^^^^^^^^^^^^^^^^^
config\urls.py:30: in <module>
    from envios.views import EnvioViewSet, HistorialEstadoViewSet
envios\views.py:11: in <module>
    from .serializers import (
E     File "C:\Users\pepec\Projects\Packfy\paqueteria-cuba-mvp\backend\envios\serializers.py", line 134
E       return data
E       ^^^^^^^^^^^
E   SyntaxError: 'return' outside function

During handling of the above exception, another exception occurred:
.venv\Lib\site-packages\django\core\handlers\exception.py:55: in inner
    response = get_response(request)
               ^^^^^^^^^^^^^^^^^^^^^
.venv\Lib\site-packages\corsheaders\middleware.py:56: in __call__
    result = self.get_response(request)
             ^^^^^^^^^^^^^^^^^^^^^^^^^^
.venv\Lib\site-packages\django\core\handlers\exception.py:57: in inner
    response = response_for_exception(request, exc)
               ^^^^^^^^^^^^^^^^^^^^^^^^^^^^^^^^^^^^
.venv\Lib\site-packages\django\core\handlers\exception.py:141: in response_for_exception
    response = handle_uncaught_exception(
.venv\Lib\site-packages\django\core\handlers\exception.py:185: in handle_uncaught_exception
    callback = resolver.resolve_error_handler(500)
               ^^^^^^^^^^^^^^^^^^^^^^^^^^^^^^^^^^^
.venv\Lib\site-packages\django\urls\resolvers.py:729: in resolve_error_handler
    callback = getattr(self.urlconf_module, "handler%s" % view_type, None)
                       ^^^^^^^^^^^^^^^^^^^
.venv\Lib\site-packages\django\utils\functional.py:57: in __get__
    res = instance.__dict__[self.name] = self.func(instance)
                                         ^^^^^^^^^^^^^^^^^^^
.venv\Lib\site-packages\django\urls\resolvers.py:708: in urlconf_module
    return import_module(self.urlconf_name)
           ^^^^^^^^^^^^^^^^^^^^^^^^^^^^^^^^
..\..\..\..\anaconda3\Lib\importlib\__init__.py:90: in import_module
    return _bootstrap._gcd_import(name[level:], package, level)
           ^^^^^^^^^^^^^^^^^^^^^^^^^^^^^^^^^^^^^^^^^^^^^^^^^^^^
config\urls.py:30: in <module>
    from envios.views import EnvioViewSet, HistorialEstadoViewSet
envios\views.py:11: in <module>
    from .serializers import (
E     File "C:\Users\pepec\Projects\Packfy\paqueteria-cuba-mvp\backend\envios\serializers.py", line 134
E       return data
E       ^^^^^^^^^^^
E   SyntaxError: 'return' outside function

During handling of the above exception, another exception occurred:
.venv\Lib\site-packages\django\core\handlers\exception.py:55: in inner
    response = get_response(request)
               ^^^^^^^^^^^^^^^^^^^^^
.venv\Lib\site-packages\django\utils\deprecation.py:134: in __call__
    response = response or self.get_response(request)
                           ^^^^^^^^^^^^^^^^^^^^^^^^^^
.venv\Lib\site-packages\django\core\handlers\exception.py:57: in inner
    response = response_for_exception(request, exc)
               ^^^^^^^^^^^^^^^^^^^^^^^^^^^^^^^^^^^^
.venv\Lib\site-packages\django\core\handlers\exception.py:141: in response_for_exception
    response = handle_uncaught_exception(
.venv\Lib\site-packages\django\core\handlers\exception.py:185: in handle_uncaught_exception
    callback = resolver.resolve_error_handler(500)
               ^^^^^^^^^^^^^^^^^^^^^^^^^^^^^^^^^^^
.venv\Lib\site-packages\django\urls\resolvers.py:729: in resolve_error_handler
    callback = getattr(self.urlconf_module, "handler%s" % view_type, None)
                       ^^^^^^^^^^^^^^^^^^^
.venv\Lib\site-packages\django\utils\functional.py:57: in __get__
    res = instance.__dict__[self.name] = self.func(instance)
                                         ^^^^^^^^^^^^^^^^^^^
.venv\Lib\site-packages\django\urls\resolvers.py:708: in urlconf_module
    return import_module(self.urlconf_name)
           ^^^^^^^^^^^^^^^^^^^^^^^^^^^^^^^^
..\..\..\..\anaconda3\Lib\importlib\__init__.py:90: in import_module
    return _bootstrap._gcd_import(name[level:], package, level)
           ^^^^^^^^^^^^^^^^^^^^^^^^^^^^^^^^^^^^^^^^^^^^^^^^^^^^
config\urls.py:30: in <module>
    from envios.views import EnvioViewSet, HistorialEstadoViewSet
envios\views.py:11: in <module>
    from .serializers import (
E     File "C:\Users\pepec\Projects\Packfy\paqueteria-cuba-mvp\backend\envios\serializers.py", line 134
E       return data
E       ^^^^^^^^^^^
E   SyntaxError: 'return' outside function

During handling of the above exception, another exception occurred:
.venv\Lib\site-packages\django\core\handlers\exception.py:55: in inner
    response = get_response(request)
               ^^^^^^^^^^^^^^^^^^^^^
.venv\Lib\site-packages\django\utils\deprecation.py:134: in __call__
    response = response or self.get_response(request)
                           ^^^^^^^^^^^^^^^^^^^^^^^^^^
.venv\Lib\site-packages\django\core\handlers\exception.py:57: in inner
    response = response_for_exception(request, exc)
               ^^^^^^^^^^^^^^^^^^^^^^^^^^^^^^^^^^^^
.venv\Lib\site-packages\django\core\handlers\exception.py:141: in response_for_exception
    response = handle_uncaught_exception(
.venv\Lib\site-packages\django\core\handlers\exception.py:185: in handle_uncaught_exception
    callback = resolver.resolve_error_handler(500)
               ^^^^^^^^^^^^^^^^^^^^^^^^^^^^^^^^^^^
.venv\Lib\site-packages\django\urls\resolvers.py:729: in resolve_error_handler
    callback = getattr(self.urlconf_module, "handler%s" % view_type, None)
                       ^^^^^^^^^^^^^^^^^^^
.venv\Lib\site-packages\django\utils\functional.py:57: in __get__
    res = instance.__dict__[self.name] = self.func(instance)
                                         ^^^^^^^^^^^^^^^^^^^
.venv\Lib\site-packages\django\urls\resolvers.py:708: in urlconf_module
    return import_module(self.urlconf_name)
           ^^^^^^^^^^^^^^^^^^^^^^^^^^^^^^^^
..\..\..\..\anaconda3\Lib\importlib\__init__.py:90: in import_module
    return _bootstrap._gcd_import(name[level:], package, level)
           ^^^^^^^^^^^^^^^^^^^^^^^^^^^^^^^^^^^^^^^^^^^^^^^^^^^^
config\urls.py:30: in <module>
    from envios.views import EnvioViewSet, HistorialEstadoViewSet
envios\views.py:11: in <module>
    from .serializers import (
E     File "C:\Users\pepec\Projects\Packfy\paqueteria-cuba-mvp\backend\envios\serializers.py", line 134
E       return data
E       ^^^^^^^^^^^
E   SyntaxError: 'return' outside function

During handling of the above exception, another exception occurred:
.venv\Lib\site-packages\django\core\handlers\exception.py:55: in inner
    response = get_response(request)
               ^^^^^^^^^^^^^^^^^^^^^
.venv\Lib\site-packages\django\utils\deprecation.py:134: in __call__
    response = response or self.get_response(request)
                           ^^^^^^^^^^^^^^^^^^^^^^^^^^
.venv\Lib\site-packages\django\core\handlers\exception.py:57: in inner
    response = response_for_exception(request, exc)
               ^^^^^^^^^^^^^^^^^^^^^^^^^^^^^^^^^^^^
.venv\Lib\site-packages\django\core\handlers\exception.py:141: in response_for_exception
    response = handle_uncaught_exception(
.venv\Lib\site-packages\django\core\handlers\exception.py:185: in handle_uncaught_exception
    callback = resolver.resolve_error_handler(500)
               ^^^^^^^^^^^^^^^^^^^^^^^^^^^^^^^^^^^
.venv\Lib\site-packages\django\urls\resolvers.py:729: in resolve_error_handler
    callback = getattr(self.urlconf_module, "handler%s" % view_type, None)
                       ^^^^^^^^^^^^^^^^^^^
.venv\Lib\site-packages\django\utils\functional.py:57: in __get__
    res = instance.__dict__[self.name] = self.func(instance)
                                         ^^^^^^^^^^^^^^^^^^^
.venv\Lib\site-packages\django\urls\resolvers.py:708: in urlconf_module
    return import_module(self.urlconf_name)
           ^^^^^^^^^^^^^^^^^^^^^^^^^^^^^^^^
..\..\..\..\anaconda3\Lib\importlib\__init__.py:90: in import_module
    return _bootstrap._gcd_import(name[level:], package, level)
           ^^^^^^^^^^^^^^^^^^^^^^^^^^^^^^^^^^^^^^^^^^^^^^^^^^^^
config\urls.py:30: in <module>
    from envios.views import EnvioViewSet, HistorialEstadoViewSet
envios\views.py:11: in <module>
    from .serializers import (
E     File "C:\Users\pepec\Projects\Packfy\paqueteria-cuba-mvp\backend\envios\serializers.py", line 134
E       return data
E       ^^^^^^^^^^^
E   SyntaxError: 'return' outside function

During handling of the above exception, another exception occurred:
.venv\Lib\site-packages\django\core\handlers\exception.py:55: in inner
    response = get_response(request)
               ^^^^^^^^^^^^^^^^^^^^^
.venv\Lib\site-packages\django\utils\deprecation.py:134: in __call__
    response = response or self.get_response(request)
                           ^^^^^^^^^^^^^^^^^^^^^^^^^^
.venv\Lib\site-packages\django\core\handlers\exception.py:57: in inner
    response = response_for_exception(request, exc)
               ^^^^^^^^^^^^^^^^^^^^^^^^^^^^^^^^^^^^
.venv\Lib\site-packages\django\core\handlers\exception.py:141: in response_for_exception
    response = handle_uncaught_exception(
.venv\Lib\site-packages\django\core\handlers\exception.py:185: in handle_uncaught_exception
    callback = resolver.resolve_error_handler(500)
               ^^^^^^^^^^^^^^^^^^^^^^^^^^^^^^^^^^^
.venv\Lib\site-packages\django\urls\resolvers.py:729: in resolve_error_handler
    callback = getattr(self.urlconf_module, "handler%s" % view_type, None)
                       ^^^^^^^^^^^^^^^^^^^
.venv\Lib\site-packages\django\utils\functional.py:57: in __get__
    res = instance.__dict__[self.name] = self.func(instance)
                                         ^^^^^^^^^^^^^^^^^^^
.venv\Lib\site-packages\django\urls\resolvers.py:708: in urlconf_module
    return import_module(self.urlconf_name)
           ^^^^^^^^^^^^^^^^^^^^^^^^^^^^^^^^
..\..\..\..\anaconda3\Lib\importlib\__init__.py:90: in import_module
    return _bootstrap._gcd_import(name[level:], package, level)
           ^^^^^^^^^^^^^^^^^^^^^^^^^^^^^^^^^^^^^^^^^^^^^^^^^^^^
config\urls.py:30: in <module>
    from envios.views import EnvioViewSet, HistorialEstadoViewSet
envios\views.py:11: in <module>
    from .serializers import (
E     File "C:\Users\pepec\Projects\Packfy\paqueteria-cuba-mvp\backend\envios\serializers.py", line 134
E       return data
E       ^^^^^^^^^^^
E   SyntaxError: 'return' outside function

During handling of the above exception, another exception occurred:
.venv\Lib\site-packages\django\core\handlers\exception.py:55: in inner
    response = get_response(request)
               ^^^^^^^^^^^^^^^^^^^^^
.venv\Lib\site-packages\django\utils\deprecation.py:134: in __call__
    response = response or self.get_response(request)
                           ^^^^^^^^^^^^^^^^^^^^^^^^^^
.venv\Lib\site-packages\django\core\handlers\exception.py:57: in inner
    response = response_for_exception(request, exc)
               ^^^^^^^^^^^^^^^^^^^^^^^^^^^^^^^^^^^^
.venv\Lib\site-packages\django\core\handlers\exception.py:141: in response_for_exception
    response = handle_uncaught_exception(
.venv\Lib\site-packages\django\core\handlers\exception.py:185: in handle_uncaught_exception
    callback = resolver.resolve_error_handler(500)
               ^^^^^^^^^^^^^^^^^^^^^^^^^^^^^^^^^^^
.venv\Lib\site-packages\django\urls\resolvers.py:729: in resolve_error_handler
    callback = getattr(self.urlconf_module, "handler%s" % view_type, None)
                       ^^^^^^^^^^^^^^^^^^^
.venv\Lib\site-packages\django\utils\functional.py:57: in __get__
    res = instance.__dict__[self.name] = self.func(instance)
                                         ^^^^^^^^^^^^^^^^^^^
.venv\Lib\site-packages\django\urls\resolvers.py:708: in urlconf_module
    return import_module(self.urlconf_name)
           ^^^^^^^^^^^^^^^^^^^^^^^^^^^^^^^^
..\..\..\..\anaconda3\Lib\importlib\__init__.py:90: in import_module
    return _bootstrap._gcd_import(name[level:], package, level)
           ^^^^^^^^^^^^^^^^^^^^^^^^^^^^^^^^^^^^^^^^^^^^^^^^^^^^
config\urls.py:30: in <module>
    from envios.views import EnvioViewSet, HistorialEstadoViewSet
envios\views.py:11: in <module>
    from .serializers import (
E     File "C:\Users\pepec\Projects\Packfy\paqueteria-cuba-mvp\backend\envios\serializers.py", line 134
E       return data
E       ^^^^^^^^^^^
E   SyntaxError: 'return' outside function

During handling of the above exception, another exception occurred:
tests\test_pagination_limits.py:20: in test_pagination_fields_present
    r = client.get("/api/envios/")
        ^^^^^^^^^^^^^^^^^^^^^^^^^^
.venv\Lib\site-packages\django\test\client.py:927: in get
    response = super().get(path, data=data, secure=secure, headers=headers, **extra)
               ^^^^^^^^^^^^^^^^^^^^^^^^^^^^^^^^^^^^^^^^^^^^^^^^^^^^^^^^^^^^^^^^^^^^^
.venv\Lib\site-packages\django\test\client.py:457: in get
    return self.generic(
.venv\Lib\site-packages\django\test\client.py:609: in generic
    return self.request(**r)
           ^^^^^^^^^^^^^^^^^
.venv\Lib\site-packages\django\test\client.py:886: in request
    response = self.handler(environ)
               ^^^^^^^^^^^^^^^^^^^^^
.venv\Lib\site-packages\django\test\client.py:176: in __call__
    response = self.get_response(request)
               ^^^^^^^^^^^^^^^^^^^^^^^^^^
.venv\Lib\site-packages\django\core\handlers\base.py:140: in get_response
    response = self._middleware_chain(request)
               ^^^^^^^^^^^^^^^^^^^^^^^^^^^^^^^
.venv\Lib\site-packages\django\core\handlers\exception.py:57: in inner
    response = response_for_exception(request, exc)
               ^^^^^^^^^^^^^^^^^^^^^^^^^^^^^^^^^^^^
.venv\Lib\site-packages\django\core\handlers\exception.py:141: in response_for_exception
    response = handle_uncaught_exception(
.venv\Lib\site-packages\django\core\handlers\exception.py:185: in handle_uncaught_exception
    callback = resolver.resolve_error_handler(500)
               ^^^^^^^^^^^^^^^^^^^^^^^^^^^^^^^^^^^
.venv\Lib\site-packages\django\urls\resolvers.py:729: in resolve_error_handler
    callback = getattr(self.urlconf_module, "handler%s" % view_type, None)
                       ^^^^^^^^^^^^^^^^^^^
.venv\Lib\site-packages\django\utils\functional.py:57: in __get__
    res = instance.__dict__[self.name] = self.func(instance)
                                         ^^^^^^^^^^^^^^^^^^^
.venv\Lib\site-packages\django\urls\resolvers.py:708: in urlconf_module
    return import_module(self.urlconf_name)
           ^^^^^^^^^^^^^^^^^^^^^^^^^^^^^^^^
..\..\..\..\anaconda3\Lib\importlib\__init__.py:90: in import_module
    return _bootstrap._gcd_import(name[level:], package, level)
           ^^^^^^^^^^^^^^^^^^^^^^^^^^^^^^^^^^^^^^^^^^^^^^^^^^^^
<frozen importlib._bootstrap>:1387: in _gcd_import
    ???
<frozen importlib._bootstrap>:1360: in _find_and_load
    ???
<frozen importlib._bootstrap>:1331: in _find_and_load_unlocked
    ???
<frozen importlib._bootstrap>:935: in _load_unlocked
    ???
<frozen importlib._bootstrap_external>:995: in exec_module
    ???
<frozen importlib._bootstrap>:488: in _call_with_frames_removed
    ???
config\urls.py:30: in <module>
    from envios.views import EnvioViewSet, HistorialEstadoViewSet
envios\views.py:11: in <module>
    from .serializers import (
E     File "C:\Users\pepec\Projects\Packfy\paqueteria-cuba-mvp\backend\envios\serializers.py", line 134
E       return data
E       ^^^^^^^^^^^
E   SyntaxError: 'return' outside function
=========================== short test summary info ===========================
FAILED tests/test_cache_rastrear.py::test_rastrear_cache -   File "C:\Users\pepec\Projects\Packfy\paqueteria-cuba-mvp\backend\envios\serializers.py", line 134
    return data
    ^^^^^^^^^^^
SyntaxError: 'return' outside function
FAILED tests/test_envios_api.py::TestEnvioAPI::test_create_envio_valid_data -   File "C:\Users\pepec\Projects\Packfy\paqueteria-cuba-mvp\backend\envios\serializers.py", line 134
    return data
    ^^^^^^^^^^^
SyntaxError: 'return' outside function
FAILED tests/test_envios_api.py::TestEnvioAPI::test_list_envios_authenticated -   File "C:\Users\pepec\Projects\Packfy\paqueteria-cuba-mvp\backend\envios\serializers.py", line 134
    return data
    ^^^^^^^^^^^
SyntaxError: 'return' outside function
FAILED tests/test_envios_api.py::TestEnvioAPI::test_list_envios_unauthenticated -   File "C:\Users\pepec\Projects\Packfy\paqueteria-cuba-mvp\backend\envios\serializers.py", line 134
    return data
    ^^^^^^^^^^^
SyntaxError: 'return' outside function
FAILED tests/test_envios_api.py::TestEnvioAPI::test_user_cannot_access_other_company_envios -   File "C:\Users\pepec\Projects\Packfy\paqueteria-cuba-mvp\backend\envios\serializers.py", line 134
    return data
    ^^^^^^^^^^^
SyntaxError: 'return' outside function
FAILED tests/test_envios_estadisticas.py::test_estadisticas_endpoint -   File "C:\Users\pepec\Projects\Packfy\paqueteria-cuba-mvp\backend\envios\serializers.py", line 134
    return data
    ^^^^^^^^^^^
SyntaxError: 'return' outside function
FAILED tests/test_logging_request_id.py::test_request_id_and_logging -   File "C:\Users\pepec\Projects\Packfy\paqueteria-cuba-mvp\backend\envios\serializers.py", line 134
    return data
    ^^^^^^^^^^^
SyntaxError: 'return' outside function
FAILED tests/test_metrics_rate_limit.py::test_metrics_endpoint -   File "C:\Users\pepec\Projects\Packfy\paqueteria-cuba-mvp\backend\envios\serializers.py", line 134
    return data
    ^^^^^^^^^^^
SyntaxError: 'return' outside function
FAILED tests/test_metrics_rate_limit.py::test_rate_limit_applies -   File "C:\Users\pepec\Projects\Packfy\paqueteria-cuba-mvp\backend\envios\serializers.py", line 134
    return data
    ^^^^^^^^^^^
SyntaxError: 'return' outside function
FAILED tests/test_pagination_limits.py::test_pagination_max_page_size -   File "C:\Users\pepec\Projects\Packfy\paqueteria-cuba-mvp\backend\envios\serializers.py", line 134
    return data
    ^^^^^^^^^^^
SyntaxError: 'return' outside function
FAILED tests/test_pagination_limits.py::test_pagination_fields_present -   File "C:\Users\pepec\Projects\Packfy\paqueteria-cuba-mvp\backend\envios\serializers.py", line 134
    return data
    ^^^^^^^^^^^
SyntaxError: 'return' outside function
======================== 11 failed, 1 passed in 9.42s =========================
