============================= test session starts =============================
platform win32 -- Python 3.12.7, pytest-8.4.1, pluggy-1.6.0 -- C:\Users\pepec\Projects\Packfy\paqueteria-cuba-mvp\backend\.venv\Scripts\python.exe
cachedir: .pytest_cache
django: version: 4.2.23, settings: config.settings_test (from env)
rootdir: C:\Users\pepec\Projects\Packfy\paqueteria-cuba-mvp\backend
configfile: pytest.ini
plugins: cov-6.2.1, django-4.11.1
collecting ... collected 12 items

tests/test_cache_rastrear.py::test_rastrear_cache FAILED                 [  8%]
tests/test_envios_api.py::TestEnvioAPI::test_create_envio_valid_data FAILED [ 16%]
tests/test_envios_api.py::TestEnvioAPI::test_list_envios_authenticated FAILED [ 25%]
tests/test_envios_api.py::TestEnvioAPI::test_list_envios_unauthenticated FAILED [ 33%]
tests/test_envios_api.py::TestEnvioAPI::test_user_cannot_access_other_company_envios FAILED [ 41%]
tests/test_envios_estadisticas.py::test_estadisticas_endpoint PASSED     [ 50%]
tests/test_logging_request_id.py::test_request_id_and_logging PASSED     [ 58%]
tests/test_metrics_rate_limit.py::test_metrics_endpoint PASSED           [ 66%]
tests/test_metrics_rate_limit.py::test_rate_limit_applies PASSED         [ 75%]
tests/test_pagination_limits.py::test_pagination_max_page_size PASSED    [ 83%]
tests/test_pagination_limits.py::test_pagination_fields_present PASSED   [ 91%]
tests/test_smoke.py::test_smoke PASSED                                   [100%]

================================== FAILURES ===================================
_____________________________ test_rastrear_cache _____________________________
tests\test_cache_rastrear.py:22: in test_rastrear_cache
    assert r1.status_code == 200
E   assert 301 == 200
E    +  where 301 = <HttpResponsePermanentRedirect status_code=301, "text/html; charset=utf-8", url="/api/envios/rastrear/?numero_guia=PKFTESTCACHE1">.status_code
---------------------------- Captured stdout setup ----------------------------
Operations to perform:
  Synchronize unmigrated apps: corsheaders, messages, rest_framework, rest_framework_simplejwt, staticfiles
  Apply all migrations: admin, auth, contenttypes, empresas, envios, sessions, token_blacklist, usuarios
Synchronizing apps without migrations:
  Creating tables...
    Running deferred SQL...
Running migrations:
  Applying contenttypes.0001_initial... OK
  Applying contenttypes.0002_remove_content_type_name... OK
  Applying auth.0001_initial... OK
  Applying auth.0002_alter_permission_name_max_length... OK
  Applying auth.0003_alter_user_email_max_length... OK
  Applying auth.0004_alter_user_username_opts... OK
  Applying auth.0005_alter_user_last_login_null... OK
  Applying auth.0006_require_contenttypes_0002... OK
  Applying auth.0007_alter_validators_add_error_messages... OK
  Applying auth.0008_alter_user_username_max_length... OK
  Applying auth.0009_alter_user_last_name_max_length... OK
  Applying auth.0010_alter_group_name_max_length... OK
  Applying auth.0011_update_proxy_permissions... OK
  Applying auth.0012_alter_user_first_name_max_length... OK
  Applying usuarios.0001_initial... OK
  Applying admin.0001_initial... OK
  Applying admin.0002_logentry_remove_auto_add... OK
  Applying admin.0003_logentry_add_action_flag_choices... OK
  Applying empresas.0001_initial... OK
  Applying empresas.0002_add_codigo_activa... OK
  Applying empresas.0002_empresa_activa_empresa_codigo... OK
  Applying usuarios.0002_alter_usuario_managers... OK
  Applying usuarios.0003_usuario_empresa... OK
  Applying envios.0001_initial... OK
  Applying envios.0002_initial... OK
  Applying envios.0002_envio_indexes_uuidguide... OK
  Applying envios.0003_envio_stats_matview... OK
  Applying envios.0004_envio_stats_matview_index... OK
  Applying envios.0005_envio_peso_optional... OK
  Applying envios.0005_alter_envio_peso... OK
  Applying envios.0006_envio_usuario_empresa... OK
  Applying sessions.0001_initial... OK
  Applying token_blacklist.0001_initial... OK
  Applying token_blacklist.0002_outstandingtoken_jti_hex... OK
  Applying token_blacklist.0003_auto_20171017_2007... OK
  Applying token_blacklist.0004_auto_20171017_2013... OK
  Applying token_blacklist.0005_remove_outstandingtoken_jti... OK
  Applying token_blacklist.0006_auto_20171017_2113... OK
  Applying token_blacklist.0007_auto_20171017_2214... OK
  Applying token_blacklist.0008_migrate_to_bigautofield... OK
  Applying token_blacklist.0010_fix_migrate_to_bigautofield... OK
  Applying token_blacklist.0011_linearizes_history... OK
  Applying token_blacklist.0012_alter_outstandingtoken_user... OK
  Applying token_blacklist.0013_alter_blacklistedtoken_options_and_more... OK
---------------------------- Captured stderr setup ----------------------------
Creating test database for alias 'default' ('file:memorydb_default?mode=memory&cache=shared')...
__________________ TestEnvioAPI.test_create_envio_valid_data __________________
tests\test_envios_api.py:120: in test_create_envio_valid_data
    self.assertEqual(response.status_code, status.HTTP_201_CREATED)
E   AssertionError: 403 != 201
------------------------------ Captured log call ------------------------------
WARNING  django.request:log.py:246 Forbidden: /api/envios/
_________________ TestEnvioAPI.test_list_envios_authenticated _________________
tests\test_envios_api.py:86: in test_list_envios_authenticated
    self.assertEqual(response.status_code, status.HTTP_200_OK)
E   AssertionError: 403 != 200
------------------------------ Captured log call ------------------------------
WARNING  django.request:log.py:246 Forbidden: /api/envios/
________________ TestEnvioAPI.test_list_envios_unauthenticated ________________
tests\test_envios_api.py:99: in test_list_envios_unauthenticated
    self.assertEqual(response.status_code, status.HTTP_401_UNAUTHORIZED)
E   AssertionError: 403 != 401
------------------------------ Captured log call ------------------------------
WARNING  django.request:log.py:246 Forbidden: /api/envios/
__________ TestEnvioAPI.test_user_cannot_access_other_company_envios __________
tests\test_envios_api.py:142: in test_user_cannot_access_other_company_envios
    self.assertEqual(response.status_code, status.HTTP_404_NOT_FOUND)
E   AssertionError: 403 != 404
------------------------------ Captured log call ------------------------------
WARNING  django.request:log.py:246 Forbidden: /api/envios/1/
=========================== short test summary info ===========================
FAILED tests/test_cache_rastrear.py::test_rastrear_cache - assert 301 == 200
 +  where 301 = <HttpResponsePermanentRedirect status_code=301, "text/html; charset=utf-8", url="/api/envios/rastrear/?numero_guia=PKFTESTCACHE1">.status_code
FAILED tests/test_envios_api.py::TestEnvioAPI::test_create_envio_valid_data - AssertionError: 403 != 201
FAILED tests/test_envios_api.py::TestEnvioAPI::test_list_envios_authenticated - AssertionError: 403 != 200
FAILED tests/test_envios_api.py::TestEnvioAPI::test_list_envios_unauthenticated - AssertionError: 403 != 401
FAILED tests/test_envios_api.py::TestEnvioAPI::test_user_cannot_access_other_company_envios - AssertionError: 403 != 404
========================= 5 failed, 7 passed in 2.07s =========================
