============================= test session starts =============================
platform win32 -- Python 3.12.7, pytest-8.4.1, pluggy-1.6.0 -- C:\Users\pepec\Projects\Packfy\paqueteria-cuba-mvp\backend\.venv\Scripts\python.exe
cachedir: .pytest_cache
django: version: 4.2.23, settings: config.settings_test (from env)
rootdir: C:\Users\pepec\Projects\Packfy\paqueteria-cuba-mvp\backend
configfile: pytest.ini
plugins: cov-6.2.1, django-4.11.1
collecting ... collected 12 items

tests/test_cache_rastrear.py::test_rastrear_cache ERROR                  [  8%]
tests/test_envios_api.py::TestEnvioAPI::test_create_envio_valid_data ERROR [ 16%]
tests/test_envios_api.py::TestEnvioAPI::test_list_envios_authenticated ERROR [ 25%]
tests/test_envios_api.py::TestEnvioAPI::test_list_envios_unauthenticated ERROR [ 33%]
tests/test_envios_api.py::TestEnvioAPI::test_user_cannot_access_other_company_envios ERROR [ 41%]
tests/test_envios_estadisticas.py::test_estadisticas_endpoint ERROR      [ 50%]
tests/test_logging_request_id.py::test_request_id_and_logging ERROR      [ 58%]
tests/test_metrics_rate_limit.py::test_metrics_endpoint ERROR            [ 66%]
tests/test_metrics_rate_limit.py::test_rate_limit_applies ERROR          [ 75%]
tests/test_pagination_limits.py::test_pagination_max_page_size ERROR     [ 83%]
tests/test_pagination_limits.py::test_pagination_fields_present ERROR    [ 91%]
tests/test_smoke.py::test_smoke PASSED                                   [100%]

=================================== ERRORS ====================================
____________________ ERROR at setup of test_rastrear_cache ____________________
.venv\Lib\site-packages\pytest_django\plugin.py:552: in _django_db_marker
    request.getfixturevalue("_django_db_helper")
.venv\Lib\site-packages\pytest_django\fixtures.py:198: in django_db_setup
    db_cfg = setup_databases(
.venv\Lib\site-packages\django\test\utils.py:221: in setup_databases
    connection.creation.create_test_db(
.venv\Lib\site-packages\django\db\backends\base\creation.py:78: in create_test_db
    call_command(
.venv\Lib\site-packages\django\core\management\__init__.py:194: in call_command
    return command.execute(*args, **defaults)
           ^^^^^^^^^^^^^^^^^^^^^^^^^^^^^^^^^^
.venv\Lib\site-packages\django\core\management\base.py:458: in execute
    output = self.handle(*args, **options)
             ^^^^^^^^^^^^^^^^^^^^^^^^^^^^^
.venv\Lib\site-packages\django\core\management\base.py:106: in wrapper
    res = handle_func(*args, **kwargs)
          ^^^^^^^^^^^^^^^^^^^^^^^^^^^^
.venv\Lib\site-packages\django\core\management\commands\migrate.py:117: in handle
    executor = MigrationExecutor(connection, self.migration_progress_callback)
               ^^^^^^^^^^^^^^^^^^^^^^^^^^^^^^^^^^^^^^^^^^^^^^^^^^^^^^^^^^^^^^^
.venv\Lib\site-packages\django\db\migrations\executor.py:18: in __init__
    self.loader = MigrationLoader(self.connection)
                  ^^^^^^^^^^^^^^^^^^^^^^^^^^^^^^^^
.venv\Lib\site-packages\django\db\migrations\loader.py:58: in __init__
    self.build_graph()
.venv\Lib\site-packages\django\db\migrations\loader.py:229: in build_graph
    self.load_disk()
.venv\Lib\site-packages\django\db\migrations\loader.py:120: in load_disk
    migration_module = import_module(migration_path)
                       ^^^^^^^^^^^^^^^^^^^^^^^^^^^^^
..\..\..\..\anaconda3\Lib\importlib\__init__.py:90: in import_module
    return _bootstrap._gcd_import(name[level:], package, level)
           ^^^^^^^^^^^^^^^^^^^^^^^^^^^^^^^^^^^^^^^^^^^^^^^^^^^^
envios\migrations\0005_alter_envio_peso.py:4: in <module>
    class Migration(migrations.Migration):
envios\migrations\0005_alter_envio_peso.py:16: in Migration
    field=models.DecimalField(
          ^^^^^^
E   NameError: name 'models' is not defined
---------------------------- Captured stderr setup ----------------------------
Creating test database for alias 'default' ('file:memorydb_default?mode=memory&cache=shared')...
_________ ERROR at setup of TestEnvioAPI.test_create_envio_valid_data _________
.venv\Lib\site-packages\pytest_django\plugin.py:584: in _django_setup_unittest
    request.getfixturevalue("django_db_setup")
.venv\Lib\site-packages\pytest_django\fixtures.py:198: in django_db_setup
    db_cfg = setup_databases(
.venv\Lib\site-packages\django\test\utils.py:221: in setup_databases
    connection.creation.create_test_db(
.venv\Lib\site-packages\django\db\backends\base\creation.py:78: in create_test_db
    call_command(
.venv\Lib\site-packages\django\core\management\__init__.py:194: in call_command
    return command.execute(*args, **defaults)
           ^^^^^^^^^^^^^^^^^^^^^^^^^^^^^^^^^^
.venv\Lib\site-packages\django\core\management\base.py:458: in execute
    output = self.handle(*args, **options)
             ^^^^^^^^^^^^^^^^^^^^^^^^^^^^^
.venv\Lib\site-packages\django\core\management\base.py:106: in wrapper
    res = handle_func(*args, **kwargs)
          ^^^^^^^^^^^^^^^^^^^^^^^^^^^^
.venv\Lib\site-packages\django\core\management\commands\migrate.py:117: in handle
    executor = MigrationExecutor(connection, self.migration_progress_callback)
               ^^^^^^^^^^^^^^^^^^^^^^^^^^^^^^^^^^^^^^^^^^^^^^^^^^^^^^^^^^^^^^^
.venv\Lib\site-packages\django\db\migrations\executor.py:18: in __init__
    self.loader = MigrationLoader(self.connection)
                  ^^^^^^^^^^^^^^^^^^^^^^^^^^^^^^^^
.venv\Lib\site-packages\django\db\migrations\loader.py:58: in __init__
    self.build_graph()
.venv\Lib\site-packages\django\db\migrations\loader.py:229: in build_graph
    self.load_disk()
.venv\Lib\site-packages\django\db\migrations\loader.py:120: in load_disk
    migration_module = import_module(migration_path)
                       ^^^^^^^^^^^^^^^^^^^^^^^^^^^^^
..\..\..\..\anaconda3\Lib\importlib\__init__.py:90: in import_module
    return _bootstrap._gcd_import(name[level:], package, level)
           ^^^^^^^^^^^^^^^^^^^^^^^^^^^^^^^^^^^^^^^^^^^^^^^^^^^^
envios\migrations\0005_alter_envio_peso.py:4: in <module>
    class Migration(migrations.Migration):
envios\migrations\0005_alter_envio_peso.py:16: in Migration
    field=models.DecimalField(
          ^^^^^^
E   NameError: name 'models' is not defined
________ ERROR at setup of TestEnvioAPI.test_list_envios_authenticated ________
.venv\Lib\site-packages\pytest_django\plugin.py:584: in _django_setup_unittest
    request.getfixturevalue("django_db_setup")
.venv\Lib\site-packages\pytest_django\fixtures.py:198: in django_db_setup
    db_cfg = setup_databases(
.venv\Lib\site-packages\django\test\utils.py:221: in setup_databases
    connection.creation.create_test_db(
.venv\Lib\site-packages\django\db\backends\base\creation.py:78: in create_test_db
    call_command(
.venv\Lib\site-packages\django\core\management\__init__.py:194: in call_command
    return command.execute(*args, **defaults)
           ^^^^^^^^^^^^^^^^^^^^^^^^^^^^^^^^^^
.venv\Lib\site-packages\django\core\management\base.py:458: in execute
    output = self.handle(*args, **options)
             ^^^^^^^^^^^^^^^^^^^^^^^^^^^^^
.venv\Lib\site-packages\django\core\management\base.py:106: in wrapper
    res = handle_func(*args, **kwargs)
          ^^^^^^^^^^^^^^^^^^^^^^^^^^^^
.venv\Lib\site-packages\django\core\management\commands\migrate.py:117: in handle
    executor = MigrationExecutor(connection, self.migration_progress_callback)
               ^^^^^^^^^^^^^^^^^^^^^^^^^^^^^^^^^^^^^^^^^^^^^^^^^^^^^^^^^^^^^^^
.venv\Lib\site-packages\django\db\migrations\executor.py:18: in __init__
    self.loader = MigrationLoader(self.connection)
                  ^^^^^^^^^^^^^^^^^^^^^^^^^^^^^^^^
.venv\Lib\site-packages\django\db\migrations\loader.py:58: in __init__
    self.build_graph()
.venv\Lib\site-packages\django\db\migrations\loader.py:229: in build_graph
    self.load_disk()
.venv\Lib\site-packages\django\db\migrations\loader.py:120: in load_disk
    migration_module = import_module(migration_path)
                       ^^^^^^^^^^^^^^^^^^^^^^^^^^^^^
..\..\..\..\anaconda3\Lib\importlib\__init__.py:90: in import_module
    return _bootstrap._gcd_import(name[level:], package, level)
           ^^^^^^^^^^^^^^^^^^^^^^^^^^^^^^^^^^^^^^^^^^^^^^^^^^^^
envios\migrations\0005_alter_envio_peso.py:4: in <module>
    class Migration(migrations.Migration):
envios\migrations\0005_alter_envio_peso.py:16: in Migration
    field=models.DecimalField(
          ^^^^^^
E   NameError: name 'models' is not defined
_______ ERROR at setup of TestEnvioAPI.test_list_envios_unauthenticated _______
.venv\Lib\site-packages\pytest_django\plugin.py:584: in _django_setup_unittest
    request.getfixturevalue("django_db_setup")
.venv\Lib\site-packages\pytest_django\fixtures.py:198: in django_db_setup
    db_cfg = setup_databases(
.venv\Lib\site-packages\django\test\utils.py:221: in setup_databases
    connection.creation.create_test_db(
.venv\Lib\site-packages\django\db\backends\base\creation.py:78: in create_test_db
    call_command(
.venv\Lib\site-packages\django\core\management\__init__.py:194: in call_command
    return command.execute(*args, **defaults)
           ^^^^^^^^^^^^^^^^^^^^^^^^^^^^^^^^^^
.venv\Lib\site-packages\django\core\management\base.py:458: in execute
    output = self.handle(*args, **options)
             ^^^^^^^^^^^^^^^^^^^^^^^^^^^^^
.venv\Lib\site-packages\django\core\management\base.py:106: in wrapper
    res = handle_func(*args, **kwargs)
          ^^^^^^^^^^^^^^^^^^^^^^^^^^^^
.venv\Lib\site-packages\django\core\management\commands\migrate.py:117: in handle
    executor = MigrationExecutor(connection, self.migration_progress_callback)
               ^^^^^^^^^^^^^^^^^^^^^^^^^^^^^^^^^^^^^^^^^^^^^^^^^^^^^^^^^^^^^^^
.venv\Lib\site-packages\django\db\migrations\executor.py:18: in __init__
    self.loader = MigrationLoader(self.connection)
                  ^^^^^^^^^^^^^^^^^^^^^^^^^^^^^^^^
.venv\Lib\site-packages\django\db\migrations\loader.py:58: in __init__
    self.build_graph()
.venv\Lib\site-packages\django\db\migrations\loader.py:229: in build_graph
    self.load_disk()
.venv\Lib\site-packages\django\db\migrations\loader.py:120: in load_disk
    migration_module = import_module(migration_path)
                       ^^^^^^^^^^^^^^^^^^^^^^^^^^^^^
..\..\..\..\anaconda3\Lib\importlib\__init__.py:90: in import_module
    return _bootstrap._gcd_import(name[level:], package, level)
           ^^^^^^^^^^^^^^^^^^^^^^^^^^^^^^^^^^^^^^^^^^^^^^^^^^^^
envios\migrations\0005_alter_envio_peso.py:4: in <module>
    class Migration(migrations.Migration):
envios\migrations\0005_alter_envio_peso.py:16: in Migration
    field=models.DecimalField(
          ^^^^^^
E   NameError: name 'models' is not defined
_ ERROR at setup of TestEnvioAPI.test_user_cannot_access_other_company_envios _
.venv\Lib\site-packages\pytest_django\plugin.py:584: in _django_setup_unittest
    request.getfixturevalue("django_db_setup")
.venv\Lib\site-packages\pytest_django\fixtures.py:198: in django_db_setup
    db_cfg = setup_databases(
.venv\Lib\site-packages\django\test\utils.py:221: in setup_databases
    connection.creation.create_test_db(
.venv\Lib\site-packages\django\db\backends\base\creation.py:78: in create_test_db
    call_command(
.venv\Lib\site-packages\django\core\management\__init__.py:194: in call_command
    return command.execute(*args, **defaults)
           ^^^^^^^^^^^^^^^^^^^^^^^^^^^^^^^^^^
.venv\Lib\site-packages\django\core\management\base.py:458: in execute
    output = self.handle(*args, **options)
             ^^^^^^^^^^^^^^^^^^^^^^^^^^^^^
.venv\Lib\site-packages\django\core\management\base.py:106: in wrapper
    res = handle_func(*args, **kwargs)
          ^^^^^^^^^^^^^^^^^^^^^^^^^^^^
.venv\Lib\site-packages\django\core\management\commands\migrate.py:117: in handle
    executor = MigrationExecutor(connection, self.migration_progress_callback)
               ^^^^^^^^^^^^^^^^^^^^^^^^^^^^^^^^^^^^^^^^^^^^^^^^^^^^^^^^^^^^^^^
.venv\Lib\site-packages\django\db\migrations\executor.py:18: in __init__
    self.loader = MigrationLoader(self.connection)
                  ^^^^^^^^^^^^^^^^^^^^^^^^^^^^^^^^
.venv\Lib\site-packages\django\db\migrations\loader.py:58: in __init__
    self.build_graph()
.venv\Lib\site-packages\django\db\migrations\loader.py:229: in build_graph
    self.load_disk()
.venv\Lib\site-packages\django\db\migrations\loader.py:120: in load_disk
    migration_module = import_module(migration_path)
                       ^^^^^^^^^^^^^^^^^^^^^^^^^^^^^
..\..\..\..\anaconda3\Lib\importlib\__init__.py:90: in import_module
    return _bootstrap._gcd_import(name[level:], package, level)
           ^^^^^^^^^^^^^^^^^^^^^^^^^^^^^^^^^^^^^^^^^^^^^^^^^^^^
envios\migrations\0005_alter_envio_peso.py:4: in <module>
    class Migration(migrations.Migration):
envios\migrations\0005_alter_envio_peso.py:16: in Migration
    field=models.DecimalField(
          ^^^^^^
E   NameError: name 'models' is not defined
________________ ERROR at setup of test_estadisticas_endpoint _________________
.venv\Lib\site-packages\pytest_django\fixtures.py:198: in django_db_setup
    db_cfg = setup_databases(
.venv\Lib\site-packages\django\test\utils.py:221: in setup_databases
    connection.creation.create_test_db(
.venv\Lib\site-packages\django\db\backends\base\creation.py:78: in create_test_db
    call_command(
.venv\Lib\site-packages\django\core\management\__init__.py:194: in call_command
    return command.execute(*args, **defaults)
           ^^^^^^^^^^^^^^^^^^^^^^^^^^^^^^^^^^
.venv\Lib\site-packages\django\core\management\base.py:458: in execute
    output = self.handle(*args, **options)
             ^^^^^^^^^^^^^^^^^^^^^^^^^^^^^
.venv\Lib\site-packages\django\core\management\base.py:106: in wrapper
    res = handle_func(*args, **kwargs)
          ^^^^^^^^^^^^^^^^^^^^^^^^^^^^
.venv\Lib\site-packages\django\core\management\commands\migrate.py:117: in handle
    executor = MigrationExecutor(connection, self.migration_progress_callback)
               ^^^^^^^^^^^^^^^^^^^^^^^^^^^^^^^^^^^^^^^^^^^^^^^^^^^^^^^^^^^^^^^
.venv\Lib\site-packages\django\db\migrations\executor.py:18: in __init__
    self.loader = MigrationLoader(self.connection)
                  ^^^^^^^^^^^^^^^^^^^^^^^^^^^^^^^^
.venv\Lib\site-packages\django\db\migrations\loader.py:58: in __init__
    self.build_graph()
.venv\Lib\site-packages\django\db\migrations\loader.py:229: in build_graph
    self.load_disk()
.venv\Lib\site-packages\django\db\migrations\loader.py:120: in load_disk
    migration_module = import_module(migration_path)
                       ^^^^^^^^^^^^^^^^^^^^^^^^^^^^^
..\..\..\..\anaconda3\Lib\importlib\__init__.py:90: in import_module
    return _bootstrap._gcd_import(name[level:], package, level)
           ^^^^^^^^^^^^^^^^^^^^^^^^^^^^^^^^^^^^^^^^^^^^^^^^^^^^
envios\migrations\0005_alter_envio_peso.py:4: in <module>
    class Migration(migrations.Migration):
envios\migrations\0005_alter_envio_peso.py:16: in Migration
    field=models.DecimalField(
          ^^^^^^
E   NameError: name 'models' is not defined
________________ ERROR at setup of test_request_id_and_logging ________________
.venv\Lib\site-packages\pytest_django\plugin.py:552: in _django_db_marker
    request.getfixturevalue("_django_db_helper")
.venv\Lib\site-packages\pytest_django\fixtures.py:198: in django_db_setup
    db_cfg = setup_databases(
.venv\Lib\site-packages\django\test\utils.py:221: in setup_databases
    connection.creation.create_test_db(
.venv\Lib\site-packages\django\db\backends\base\creation.py:78: in create_test_db
    call_command(
.venv\Lib\site-packages\django\core\management\__init__.py:194: in call_command
    return command.execute(*args, **defaults)
           ^^^^^^^^^^^^^^^^^^^^^^^^^^^^^^^^^^
.venv\Lib\site-packages\django\core\management\base.py:458: in execute
    output = self.handle(*args, **options)
             ^^^^^^^^^^^^^^^^^^^^^^^^^^^^^
.venv\Lib\site-packages\django\core\management\base.py:106: in wrapper
    res = handle_func(*args, **kwargs)
          ^^^^^^^^^^^^^^^^^^^^^^^^^^^^
.venv\Lib\site-packages\django\core\management\commands\migrate.py:117: in handle
    executor = MigrationExecutor(connection, self.migration_progress_callback)
               ^^^^^^^^^^^^^^^^^^^^^^^^^^^^^^^^^^^^^^^^^^^^^^^^^^^^^^^^^^^^^^^
.venv\Lib\site-packages\django\db\migrations\executor.py:18: in __init__
    self.loader = MigrationLoader(self.connection)
                  ^^^^^^^^^^^^^^^^^^^^^^^^^^^^^^^^
.venv\Lib\site-packages\django\db\migrations\loader.py:58: in __init__
    self.build_graph()
.venv\Lib\site-packages\django\db\migrations\loader.py:229: in build_graph
    self.load_disk()
.venv\Lib\site-packages\django\db\migrations\loader.py:120: in load_disk
    migration_module = import_module(migration_path)
                       ^^^^^^^^^^^^^^^^^^^^^^^^^^^^^
..\..\..\..\anaconda3\Lib\importlib\__init__.py:90: in import_module
    return _bootstrap._gcd_import(name[level:], package, level)
           ^^^^^^^^^^^^^^^^^^^^^^^^^^^^^^^^^^^^^^^^^^^^^^^^^^^^
envios\migrations\0005_alter_envio_peso.py:4: in <module>
    class Migration(migrations.Migration):
envios\migrations\0005_alter_envio_peso.py:16: in Migration
    field=models.DecimalField(
          ^^^^^^
E   NameError: name 'models' is not defined
___________________ ERROR at setup of test_metrics_endpoint ___________________
.venv\Lib\site-packages\pytest_django\plugin.py:552: in _django_db_marker
    request.getfixturevalue("_django_db_helper")
.venv\Lib\site-packages\pytest_django\fixtures.py:198: in django_db_setup
    db_cfg = setup_databases(
.venv\Lib\site-packages\django\test\utils.py:221: in setup_databases
    connection.creation.create_test_db(
.venv\Lib\site-packages\django\db\backends\base\creation.py:78: in create_test_db
    call_command(
.venv\Lib\site-packages\django\core\management\__init__.py:194: in call_command
    return command.execute(*args, **defaults)
           ^^^^^^^^^^^^^^^^^^^^^^^^^^^^^^^^^^
.venv\Lib\site-packages\django\core\management\base.py:458: in execute
    output = self.handle(*args, **options)
             ^^^^^^^^^^^^^^^^^^^^^^^^^^^^^
.venv\Lib\site-packages\django\core\management\base.py:106: in wrapper
    res = handle_func(*args, **kwargs)
          ^^^^^^^^^^^^^^^^^^^^^^^^^^^^
.venv\Lib\site-packages\django\core\management\commands\migrate.py:117: in handle
    executor = MigrationExecutor(connection, self.migration_progress_callback)
               ^^^^^^^^^^^^^^^^^^^^^^^^^^^^^^^^^^^^^^^^^^^^^^^^^^^^^^^^^^^^^^^
.venv\Lib\site-packages\django\db\migrations\executor.py:18: in __init__
    self.loader = MigrationLoader(self.connection)
                  ^^^^^^^^^^^^^^^^^^^^^^^^^^^^^^^^
.venv\Lib\site-packages\django\db\migrations\loader.py:58: in __init__
    self.build_graph()
.venv\Lib\site-packages\django\db\migrations\loader.py:229: in build_graph
    self.load_disk()
.venv\Lib\site-packages\django\db\migrations\loader.py:120: in load_disk
    migration_module = import_module(migration_path)
                       ^^^^^^^^^^^^^^^^^^^^^^^^^^^^^
..\..\..\..\anaconda3\Lib\importlib\__init__.py:90: in import_module
    return _bootstrap._gcd_import(name[level:], package, level)
           ^^^^^^^^^^^^^^^^^^^^^^^^^^^^^^^^^^^^^^^^^^^^^^^^^^^^
envios\migrations\0005_alter_envio_peso.py:4: in <module>
    class Migration(migrations.Migration):
envios\migrations\0005_alter_envio_peso.py:16: in Migration
    field=models.DecimalField(
          ^^^^^^
E   NameError: name 'models' is not defined
__________________ ERROR at setup of test_rate_limit_applies __________________
.venv\Lib\site-packages\pytest_django\plugin.py:552: in _django_db_marker
    request.getfixturevalue("_django_db_helper")
.venv\Lib\site-packages\pytest_django\fixtures.py:198: in django_db_setup
    db_cfg = setup_databases(
.venv\Lib\site-packages\django\test\utils.py:221: in setup_databases
    connection.creation.create_test_db(
.venv\Lib\site-packages\django\db\backends\base\creation.py:78: in create_test_db
    call_command(
.venv\Lib\site-packages\django\core\management\__init__.py:194: in call_command
    return command.execute(*args, **defaults)
           ^^^^^^^^^^^^^^^^^^^^^^^^^^^^^^^^^^
.venv\Lib\site-packages\django\core\management\base.py:458: in execute
    output = self.handle(*args, **options)
             ^^^^^^^^^^^^^^^^^^^^^^^^^^^^^
.venv\Lib\site-packages\django\core\management\base.py:106: in wrapper
    res = handle_func(*args, **kwargs)
          ^^^^^^^^^^^^^^^^^^^^^^^^^^^^
.venv\Lib\site-packages\django\core\management\commands\migrate.py:117: in handle
    executor = MigrationExecutor(connection, self.migration_progress_callback)
               ^^^^^^^^^^^^^^^^^^^^^^^^^^^^^^^^^^^^^^^^^^^^^^^^^^^^^^^^^^^^^^^
.venv\Lib\site-packages\django\db\migrations\executor.py:18: in __init__
    self.loader = MigrationLoader(self.connection)
                  ^^^^^^^^^^^^^^^^^^^^^^^^^^^^^^^^
.venv\Lib\site-packages\django\db\migrations\loader.py:58: in __init__
    self.build_graph()
.venv\Lib\site-packages\django\db\migrations\loader.py:229: in build_graph
    self.load_disk()
.venv\Lib\site-packages\django\db\migrations\loader.py:120: in load_disk
    migration_module = import_module(migration_path)
                       ^^^^^^^^^^^^^^^^^^^^^^^^^^^^^
..\..\..\..\anaconda3\Lib\importlib\__init__.py:90: in import_module
    return _bootstrap._gcd_import(name[level:], package, level)
           ^^^^^^^^^^^^^^^^^^^^^^^^^^^^^^^^^^^^^^^^^^^^^^^^^^^^
envios\migrations\0005_alter_envio_peso.py:4: in <module>
    class Migration(migrations.Migration):
envios\migrations\0005_alter_envio_peso.py:16: in Migration
    field=models.DecimalField(
          ^^^^^^
E   NameError: name 'models' is not defined
_______________ ERROR at setup of test_pagination_max_page_size _______________
.venv\Lib\site-packages\pytest_django\fixtures.py:198: in django_db_setup
    db_cfg = setup_databases(
.venv\Lib\site-packages\django\test\utils.py:221: in setup_databases
    connection.creation.create_test_db(
.venv\Lib\site-packages\django\db\backends\base\creation.py:78: in create_test_db
    call_command(
.venv\Lib\site-packages\django\core\management\__init__.py:194: in call_command
    return command.execute(*args, **defaults)
           ^^^^^^^^^^^^^^^^^^^^^^^^^^^^^^^^^^
.venv\Lib\site-packages\django\core\management\base.py:458: in execute
    output = self.handle(*args, **options)
             ^^^^^^^^^^^^^^^^^^^^^^^^^^^^^
.venv\Lib\site-packages\django\core\management\base.py:106: in wrapper
    res = handle_func(*args, **kwargs)
          ^^^^^^^^^^^^^^^^^^^^^^^^^^^^
.venv\Lib\site-packages\django\core\management\commands\migrate.py:117: in handle
    executor = MigrationExecutor(connection, self.migration_progress_callback)
               ^^^^^^^^^^^^^^^^^^^^^^^^^^^^^^^^^^^^^^^^^^^^^^^^^^^^^^^^^^^^^^^
.venv\Lib\site-packages\django\db\migrations\executor.py:18: in __init__
    self.loader = MigrationLoader(self.connection)
                  ^^^^^^^^^^^^^^^^^^^^^^^^^^^^^^^^
.venv\Lib\site-packages\django\db\migrations\loader.py:58: in __init__
    self.build_graph()
.venv\Lib\site-packages\django\db\migrations\loader.py:229: in build_graph
    self.load_disk()
.venv\Lib\site-packages\django\db\migrations\loader.py:120: in load_disk
    migration_module = import_module(migration_path)
                       ^^^^^^^^^^^^^^^^^^^^^^^^^^^^^
..\..\..\..\anaconda3\Lib\importlib\__init__.py:90: in import_module
    return _bootstrap._gcd_import(name[level:], package, level)
           ^^^^^^^^^^^^^^^^^^^^^^^^^^^^^^^^^^^^^^^^^^^^^^^^^^^^
envios\migrations\0005_alter_envio_peso.py:4: in <module>
    class Migration(migrations.Migration):
envios\migrations\0005_alter_envio_peso.py:16: in Migration
    field=models.DecimalField(
          ^^^^^^
E   NameError: name 'models' is not defined
______________ ERROR at setup of test_pagination_fields_present _______________
.venv\Lib\site-packages\pytest_django\fixtures.py:198: in django_db_setup
    db_cfg = setup_databases(
.venv\Lib\site-packages\django\test\utils.py:221: in setup_databases
    connection.creation.create_test_db(
.venv\Lib\site-packages\django\db\backends\base\creation.py:78: in create_test_db
    call_command(
.venv\Lib\site-packages\django\core\management\__init__.py:194: in call_command
    return command.execute(*args, **defaults)
           ^^^^^^^^^^^^^^^^^^^^^^^^^^^^^^^^^^
.venv\Lib\site-packages\django\core\management\base.py:458: in execute
    output = self.handle(*args, **options)
             ^^^^^^^^^^^^^^^^^^^^^^^^^^^^^
.venv\Lib\site-packages\django\core\management\base.py:106: in wrapper
    res = handle_func(*args, **kwargs)
          ^^^^^^^^^^^^^^^^^^^^^^^^^^^^
.venv\Lib\site-packages\django\core\management\commands\migrate.py:117: in handle
    executor = MigrationExecutor(connection, self.migration_progress_callback)
               ^^^^^^^^^^^^^^^^^^^^^^^^^^^^^^^^^^^^^^^^^^^^^^^^^^^^^^^^^^^^^^^
.venv\Lib\site-packages\django\db\migrations\executor.py:18: in __init__
    self.loader = MigrationLoader(self.connection)
                  ^^^^^^^^^^^^^^^^^^^^^^^^^^^^^^^^
.venv\Lib\site-packages\django\db\migrations\loader.py:58: in __init__
    self.build_graph()
.venv\Lib\site-packages\django\db\migrations\loader.py:229: in build_graph
    self.load_disk()
.venv\Lib\site-packages\django\db\migrations\loader.py:120: in load_disk
    migration_module = import_module(migration_path)
                       ^^^^^^^^^^^^^^^^^^^^^^^^^^^^^
..\..\..\..\anaconda3\Lib\importlib\__init__.py:90: in import_module
    return _bootstrap._gcd_import(name[level:], package, level)
           ^^^^^^^^^^^^^^^^^^^^^^^^^^^^^^^^^^^^^^^^^^^^^^^^^^^^
envios\migrations\0005_alter_envio_peso.py:4: in <module>
    class Migration(migrations.Migration):
envios\migrations\0005_alter_envio_peso.py:16: in Migration
    field=models.DecimalField(
          ^^^^^^
E   NameError: name 'models' is not defined
=========================== short test summary info ===========================
ERROR tests/test_cache_rastrear.py::test_rastrear_cache - NameError: name 'models' is not defined
ERROR tests/test_envios_api.py::TestEnvioAPI::test_create_envio_valid_data - NameError: name 'models' is not defined
ERROR tests/test_envios_api.py::TestEnvioAPI::test_list_envios_authenticated - NameError: name 'models' is not defined
ERROR tests/test_envios_api.py::TestEnvioAPI::test_list_envios_unauthenticated - NameError: name 'models' is not defined
ERROR tests/test_envios_api.py::TestEnvioAPI::test_user_cannot_access_other_company_envios - NameError: name 'models' is not defined
ERROR tests/test_envios_estadisticas.py::test_estadisticas_endpoint - NameError: name 'models' is not defined
ERROR tests/test_logging_request_id.py::test_request_id_and_logging - NameError: name 'models' is not defined
ERROR tests/test_metrics_rate_limit.py::test_metrics_endpoint - NameError: name 'models' is not defined
ERROR tests/test_metrics_rate_limit.py::test_rate_limit_applies - NameError: name 'models' is not defined
ERROR tests/test_pagination_limits.py::test_pagination_max_page_size - NameError: name 'models' is not defined
ERROR tests/test_pagination_limits.py::test_pagination_fields_present - NameError: name 'models' is not defined
======================== 1 passed, 11 errors in 1.88s =========================
